[debug] [2020-07-22T23:50:06.003Z] ----------------------------------------------------------------------
[debug] [2020-07-22T23:50:06.005Z] Command:       /Users/imp_p.lane/.nvm/versions/node/v10.22.0/bin/node /Users/imp_p.lane/.nvm/versions/node/v10.13.0/bin/firebase emulators:start --import /data
[debug] [2020-07-22T23:50:06.005Z] CLI Version:   8.4.3
[debug] [2020-07-22T23:50:06.005Z] Platform:      darwin
[debug] [2020-07-22T23:50:06.005Z] Node Version:  v10.22.0
[debug] [2020-07-22T23:50:06.006Z] Time:          Thu Jul 23 2020 00:50:06 GMT+0100 (British Summer Time)
[debug] [2020-07-22T23:50:06.006Z] ----------------------------------------------------------------------
[debug] [2020-07-22T23:50:06.006Z] 
[debug] [2020-07-22T23:50:06.014Z] > command requires scopes: ["email","openid","https://www.googleapis.com/auth/cloudplatformprojects.readonly","https://www.googleapis.com/auth/firebase","https://www.googleapis.com/auth/cloud-platform"]
[debug] [2020-07-22T23:50:06.015Z] > authorizing via signed-in user
[info] i  emulators: Starting emulators: functions, firestore, hosting {"metadata":{"emulator":{"name":"hub"},"message":"Starting emulators: functions, firestore, hosting"}}
[debug] [2020-07-22T23:50:06.036Z] [hub] writing locator at /var/folders/vf/lmrfff6s63z95f4s_ztjmxw1dtfl1s/T/hub-spinfire-elaitch.json
[info] i  emulators: Shutting down emulators. {"metadata":{"emulator":{"name":"hub"},"message":"Shutting down emulators."}}
[info] i  hub: Stopping emulator hub {"metadata":{"emulator":{"name":"hub"},"message":"Stopping emulator hub"}}
[debug] [2020-07-22T23:50:06.136Z] Error: ENOENT: no such file or directory, open '/data/firebase-export-metadata.json'
    at Object.openSync (fs.js:443:3)
    at Object.readFileSync (fs.js:343:35)
    at Object.<anonymous> (/Users/imp_p.lane/.nvm/versions/node/v10.13.0/lib/node_modules/firebase-tools/lib/emulator/controller.js:160:44)
    at Generator.next (<anonymous>)
    at fulfilled (/Users/imp_p.lane/.nvm/versions/node/v10.13.0/lib/node_modules/firebase-tools/lib/emulator/controller.js:5:58)
    at process._tickCallback (internal/process/next_tick.js:68:7)
[error] 
[error] Error: An unexpected error has occurred.
[debug] [2020-07-22T23:50:47.230Z] ----------------------------------------------------------------------
[debug] [2020-07-22T23:50:47.231Z] Command:       /Users/imp_p.lane/.nvm/versions/node/v10.22.0/bin/node /Users/imp_p.lane/.nvm/versions/node/v10.13.0/bin/firebase emulators:start --import /data/firebase-export-metadata.json
[debug] [2020-07-22T23:50:47.231Z] CLI Version:   8.4.3
[debug] [2020-07-22T23:50:47.231Z] Platform:      darwin
[debug] [2020-07-22T23:50:47.231Z] Node Version:  v10.22.0
[debug] [2020-07-22T23:50:47.232Z] Time:          Thu Jul 23 2020 00:50:47 GMT+0100 (British Summer Time)
[debug] [2020-07-22T23:50:47.232Z] ----------------------------------------------------------------------
[debug] [2020-07-22T23:50:47.232Z] 
[debug] [2020-07-22T23:50:47.238Z] > command requires scopes: ["email","openid","https://www.googleapis.com/auth/cloudplatformprojects.readonly","https://www.googleapis.com/auth/firebase","https://www.googleapis.com/auth/cloud-platform"]
[debug] [2020-07-22T23:50:47.238Z] > authorizing via signed-in user
[info] i  emulators: Starting emulators: functions, firestore, hosting {"metadata":{"emulator":{"name":"hub"},"message":"Starting emulators: functions, firestore, hosting"}}
[debug] [2020-07-22T23:50:47.258Z] [hub] writing locator at /var/folders/vf/lmrfff6s63z95f4s_ztjmxw1dtfl1s/T/hub-spinfire-elaitch.json
[info] i  emulators: Shutting down emulators. {"metadata":{"emulator":{"name":"hub"},"message":"Shutting down emulators."}}
[info] i  hub: Stopping emulator hub {"metadata":{"emulator":{"name":"hub"},"message":"Stopping emulator hub"}}
[debug] [2020-07-22T23:50:47.363Z] Error: ENOENT: no such file or directory, open '/data/firebase-export-metadata.json/firebase-export-metadata.json'
    at Object.openSync (fs.js:443:3)
    at Object.readFileSync (fs.js:343:35)
    at Object.<anonymous> (/Users/imp_p.lane/.nvm/versions/node/v10.13.0/lib/node_modules/firebase-tools/lib/emulator/controller.js:160:44)
    at Generator.next (<anonymous>)
    at fulfilled (/Users/imp_p.lane/.nvm/versions/node/v10.13.0/lib/node_modules/firebase-tools/lib/emulator/controller.js:5:58)
    at process._tickCallback (internal/process/next_tick.js:68:7)
[error] 
[error] Error: An unexpected error has occurred.
[debug] [2020-07-22T23:52:05.149Z] ----------------------------------------------------------------------
[debug] [2020-07-22T23:52:05.150Z] Command:       /Users/imp_p.lane/.nvm/versions/node/v10.22.0/bin/node /Users/imp_p.lane/.nvm/versions/node/v10.13.0/bin/firebase emulators:start --import=./data
[debug] [2020-07-22T23:52:05.151Z] CLI Version:   8.4.3
[debug] [2020-07-22T23:52:05.151Z] Platform:      darwin
[debug] [2020-07-22T23:52:05.151Z] Node Version:  v10.22.0
[debug] [2020-07-22T23:52:05.152Z] Time:          Thu Jul 23 2020 00:52:05 GMT+0100 (British Summer Time)
[debug] [2020-07-22T23:52:05.152Z] ----------------------------------------------------------------------
[debug] [2020-07-22T23:52:05.152Z] 
[debug] [2020-07-22T23:52:05.158Z] > command requires scopes: ["email","openid","https://www.googleapis.com/auth/cloudplatformprojects.readonly","https://www.googleapis.com/auth/firebase","https://www.googleapis.com/auth/cloud-platform"]
[debug] [2020-07-22T23:52:05.158Z] > authorizing via signed-in user
[info] i  emulators: Starting emulators: functions, firestore, hosting {"metadata":{"emulator":{"name":"hub"},"message":"Starting emulators: functions, firestore, hosting"}}
[debug] [2020-07-22T23:52:05.179Z] [hub] writing locator at /var/folders/vf/lmrfff6s63z95f4s_ztjmxw1dtfl1s/T/hub-spinfire-elaitch.json
[info] ✔  functions: Using node@10 from host. {"metadata":{"emulator":{"name":"functions"},"message":"Using node@10 from host."}}
[info] i  firestore: Importing data from /Users/imp_p.lane/Documents/spinfire/functions/data/firestore_export/firestore_export.overall_export_metadata {"metadata":{"emulator":{"name":"firestore"},"message":"Importing data from /Users/imp_p.lane/Documents/spinfire/functions/data/firestore_export/firestore_export.overall_export_metadata"}}
[debug] [2020-07-22T23:52:05.217Z] Ignoring unsupported arg: projectId {"metadata":{"emulator":{"name":"firestore"},"message":"Ignoring unsupported arg: projectId"}}
[debug] [2020-07-22T23:52:05.218Z] Ignoring unsupported arg: auto_download {"metadata":{"emulator":{"name":"firestore"},"message":"Ignoring unsupported arg: auto_download"}}
[debug] [2020-07-22T23:52:05.218Z] Starting Firestore Emulator with command {"binary":"java","args":["-Duser.language=en","-jar","/Users/imp_p.lane/.cache/firebase/emulators/cloud-firestore-emulator-v1.11.4.jar","--host","localhost","--port",5002,"--seed_from_export","/Users/imp_p.lane/Documents/spinfire/functions/data/firestore_export/firestore_export.overall_export_metadata","--rules","/Users/imp_p.lane/Documents/spinfire/firestore.rules","--functions_emulator","0.0.0.0:5001"],"optionalArgs":["port","webchannel_port","host","rules","functions_emulator","seed_from_export"],"joinArgs":false} {"metadata":{"emulator":{"name":"firestore"},"message":"Starting Firestore Emulator with command {\"binary\":\"java\",\"args\":[\"-Duser.language=en\",\"-jar\",\"/Users/imp_p.lane/.cache/firebase/emulators/cloud-firestore-emulator-v1.11.4.jar\",\"--host\",\"localhost\",\"--port\",5002,\"--seed_from_export\",\"/Users/imp_p.lane/Documents/spinfire/functions/data/firestore_export/firestore_export.overall_export_metadata\",\"--rules\",\"/Users/imp_p.lane/Documents/spinfire/firestore.rules\",\"--functions_emulator\",\"0.0.0.0:5001\"],\"optionalArgs\":[\"port\",\"webchannel_port\",\"host\",\"rules\",\"functions_emulator\",\"seed_from_export\"],\"joinArgs\":false}"}}
[info] i  firestore: Firestore Emulator logging to firestore-debug.log {"metadata":{"emulator":{"name":"firestore"},"message":"Firestore Emulator logging to \u001b[1mfirestore-debug.log\u001b[22m"}}
[debug] [2020-07-22T23:52:06.090Z] API endpoint: http://localhost: {"metadata":{"emulator":{"name":"firestore"},"message":"API endpoint: http://localhost:"}}
[debug] [2020-07-22T23:52:06.090Z] 5002
If you are using a library that supports the FIRESTORE_EMULATOR_HOST environment variable, run:

   export FIRESTORE_EMULATOR_HOST=localhost:5002

Dev App Server is now running.

 {"metadata":{"emulator":{"name":"firestore"},"message":"5002\nIf you are using a library that supports the FIRESTORE_EMULATOR_HOST environment variable, run:\n\n   export FIRESTORE_EMULATOR_HOST=localhost:5002\n\nDev App Server is now running.\n\n"}}
[debug] [2020-07-22T23:52:06.247Z] > refreshing access token with scopes: ["email","https://www.googleapis.com/auth/cloud-platform","https://www.googleapis.com/auth/cloudplatformprojects.readonly","https://www.googleapis.com/auth/firebase","openid"]
[debug] [2020-07-22T23:52:06.248Z] >>> HTTP REQUEST POST https://www.googleapis.com/oauth2/v3/token  
 <request body omitted>
[debug] [2020-07-22T23:52:06.378Z] <<< HTTP RESPONSE 200 {"content-type":"application/json; charset=utf-8","vary":"X-Origin, Referer, Origin,Accept-Encoding","date":"Wed, 22 Jul 2020 23:52:06 GMT","server":"scaffolding on HTTPServer2","cache-control":"private","x-xss-protection":"0","x-frame-options":"SAMEORIGIN","x-content-type-options":"nosniff","alt-svc":"h3-29=\":443\"; ma=2592000,h3-27=\":443\"; ma=2592000,h3-T050=\":443\"; ma=2592000,h3-Q050=\":443\"; ma=2592000,h3-Q046=\":443\"; ma=2592000,h3-Q043=\":443\"; ma=2592000,quic=\":443\"; ma=2592000; v=\"46,43\"","accept-ranges":"none","transfer-encoding":"chunked"}
[debug] [2020-07-22T23:52:06.389Z] >>> HTTP REQUEST GET https://firebase.googleapis.com/v1beta1/projects/spinfire-elaitch/webApps/-/config  
 
[debug] [2020-07-22T23:52:07.236Z] <<< HTTP RESPONSE 200 {"content-type":"application/json; charset=UTF-8","vary":"X-Origin, Referer, Origin,Accept-Encoding","date":"Wed, 22 Jul 2020 23:52:07 GMT","server":"ESF","cache-control":"private","x-xss-protection":"0","x-frame-options":"SAMEORIGIN","x-content-type-options":"nosniff","alt-svc":"h3-29=\":443\"; ma=2592000,h3-27=\":443\"; ma=2592000,h3-25=\":443\"; ma=2592000,h3-T050=\":443\"; ma=2592000,h3-Q050=\":443\"; ma=2592000,h3-Q046=\":443\"; ma=2592000,h3-Q043=\":443\"; ma=2592000,quic=\":443\"; ma=2592000; v=\"46,43\"","accept-ranges":"none","transfer-encoding":"chunked"}
[info] i  hosting: Serving hosting files from: dist/spa {"metadata":{"emulator":{"name":"hosting"},"message":"Serving hosting files from: \u001b[1mdist/spa\u001b[22m"}}
[info] ✔  hosting: Local server: http://localhost:5000 {"metadata":{"emulator":{"name":"hosting"},"message":"Local server: \u001b[4m\u001b[1mhttp://localhost:5000\u001b[22m\u001b[24m"}}
[debug] [2020-07-22T23:52:07.535Z] Ignoring unsupported arg: auto_download {"metadata":{"emulator":{"name":"ui"},"message":"Ignoring unsupported arg: auto_download"}}
[debug] [2020-07-22T23:52:07.535Z] Ignoring unsupported arg: port {"metadata":{"emulator":{"name":"ui"},"message":"Ignoring unsupported arg: port"}}
[debug] [2020-07-22T23:52:07.535Z] Starting Emulator UI with command {"binary":"node","args":["/Users/imp_p.lane/.cache/firebase/emulators/ui-v1.1.0/server.bundle.js"],"optionalArgs":[],"joinArgs":false} {"metadata":{"emulator":{"name":"ui"},"message":"Starting Emulator UI with command {\"binary\":\"node\",\"args\":[\"/Users/imp_p.lane/.cache/firebase/emulators/ui-v1.1.0/server.bundle.js\"],\"optionalArgs\":[],\"joinArgs\":false}"}}
[info] i  ui: Emulator UI logging to ui-debug.log {"metadata":{"emulator":{"name":"ui"},"message":"Emulator UI logging to \u001b[1mui-debug.log\u001b[22m"}}
[debug] [2020-07-22T23:52:07.672Z] Web / API server started at http://localhost:4000
 {"metadata":{"emulator":{"name":"ui"},"message":"Web / API server started at http://localhost:4000\n"}}
[info] i  functions: Watching "/Users/imp_p.lane/Documents/spinfire/functions" for Cloud Functions... {"metadata":{"emulator":{"name":"functions"},"message":"Watching \"/Users/imp_p.lane/Documents/spinfire/functions\" for Cloud Functions..."}}
[debug] [2020-07-22T23:52:07.810Z] [worker-pool] addWorker(~diagnostic~) {"metadata":{"emulator":{"name":"functions"},"message":"[worker-pool] addWorker(~diagnostic~)"}}
[debug] [2020-07-22T23:52:07.810Z] [worker-pool] Adding worker with key ~diagnostic~, total=1 {"metadata":{"emulator":{"name":"functions"},"message":"[worker-pool] Adding worker with key ~diagnostic~, total=1"}}
[debug] [2020-07-22T23:52:07.810Z] [worker-pool] submitWork(triggerId=) {"metadata":{"emulator":{"name":"functions"},"message":"[worker-pool] submitWork(triggerId=)"}}
[debug] [2020-07-22T23:52:07.811Z] [worker-~diagnostic~-02f67d5f-6629-4c42-ad13-7731986fed3c]: Assigning socketPath: /var/folders/vf/lmrfff6s63z95f4s_ztjmxw1dtfl1s/T/fire_emu_21348.sock {"metadata":{"emulator":{"name":"functions"},"message":"[worker-~diagnostic~-02f67d5f-6629-4c42-ad13-7731986fed3c]: Assigning socketPath: /var/folders/vf/lmrfff6s63z95f4s_ztjmxw1dtfl1s/T/fire_emu_21348.sock"}}
[debug] [2020-07-22T23:52:07.811Z] [worker-~diagnostic~-02f67d5f-6629-4c42-ad13-7731986fed3c]: BUSY {"metadata":{"emulator":{"name":"functions"},"message":"[worker-~diagnostic~-02f67d5f-6629-4c42-ad13-7731986fed3c]: BUSY"}}
[debug] [2020-07-22T23:52:08.055Z] [runtime-status] [21348] Functions runtime initialized. {"cwd":"/Users/imp_p.lane/Documents/spinfire/functions","node_version":"10.22.0"} {"metadata":{"emulator":{"name":"functions"},"message":"[runtime-status] [21348] Functions runtime initialized. {\"cwd\":\"/Users/imp_p.lane/Documents/spinfire/functions\",\"node_version\":\"10.22.0\"}"}}
[debug] [2020-07-22T23:52:08.056Z] [runtime-status] [21348] Disabled runtime features: undefined {"metadata":{"emulator":{"name":"functions"},"message":"[runtime-status] [21348] Disabled runtime features: undefined"}}
[debug] [2020-07-22T23:52:08.058Z] [runtime-status] [21348] Resolved module firebase-admin {"declared":true,"installed":true,"version":"8.13.0","resolution":"/Users/imp_p.lane/Documents/spinfire/functions/node_modules/firebase-admin/lib/index.js"} {"metadata":{"emulator":{"name":"functions"},"message":"[runtime-status] [21348] Resolved module firebase-admin {\"declared\":true,\"installed\":true,\"version\":\"8.13.0\",\"resolution\":\"/Users/imp_p.lane/Documents/spinfire/functions/node_modules/firebase-admin/lib/index.js\"}"}}
[debug] [2020-07-22T23:52:08.059Z] [runtime-status] [21348] Resolved module firebase-functions {"declared":true,"installed":true,"version":"3.8.0","resolution":"/Users/imp_p.lane/Documents/spinfire/functions/node_modules/firebase-functions/lib/index.js"} {"metadata":{"emulator":{"name":"functions"},"message":"[runtime-status] [21348] Resolved module firebase-functions {\"declared\":true,\"installed\":true,\"version\":\"3.8.0\",\"resolution\":\"/Users/imp_p.lane/Documents/spinfire/functions/node_modules/firebase-functions/lib/index.js\"}"}}
[debug] [2020-07-22T23:52:08.061Z] [runtime-status] [21348] Outgoing network have been stubbed. [{"name":"http","status":"mocked"},{"name":"http","status":"mocked"},{"name":"https","status":"mocked"},{"name":"https","status":"mocked"},{"name":"net","status":"mocked"}] {"metadata":{"emulator":{"name":"functions"},"message":"[runtime-status] [21348] Outgoing network have been stubbed. [{\"name\":\"http\",\"status\":\"mocked\"},{\"name\":\"http\",\"status\":\"mocked\"},{\"name\":\"https\",\"status\":\"mocked\"},{\"name\":\"https\",\"status\":\"mocked\"},{\"name\":\"net\",\"status\":\"mocked\"}]"}}
[debug] [2020-07-22T23:52:08.062Z] [runtime-status] [21348] Resolved module firebase-functions {"declared":true,"installed":true,"version":"3.8.0","resolution":"/Users/imp_p.lane/Documents/spinfire/functions/node_modules/firebase-functions/lib/index.js"} {"metadata":{"emulator":{"name":"functions"},"message":"[runtime-status] [21348] Resolved module firebase-functions {\"declared\":true,\"installed\":true,\"version\":\"3.8.0\",\"resolution\":\"/Users/imp_p.lane/Documents/spinfire/functions/node_modules/firebase-functions/lib/index.js\"}"}}
[debug] [2020-07-22T23:52:08.088Z] [runtime-status] [21348] Checked functions.config() {"config":{}} {"metadata":{"emulator":{"name":"functions"},"message":"[runtime-status] [21348] Checked functions.config() {\"config\":{}}"}}
[debug] [2020-07-22T23:52:08.088Z] [runtime-status] [21348] firebase-functions has been stubbed. {"functionsResolution":{"declared":true,"installed":true,"version":"3.8.0","resolution":"/Users/imp_p.lane/Documents/spinfire/functions/node_modules/firebase-functions/lib/index.js"}} {"metadata":{"emulator":{"name":"functions"},"message":"[runtime-status] [21348] firebase-functions has been stubbed. {\"functionsResolution\":{\"declared\":true,\"installed\":true,\"version\":\"3.8.0\",\"resolution\":\"/Users/imp_p.lane/Documents/spinfire/functions/node_modules/firebase-functions/lib/index.js\"}}"}}
[debug] [2020-07-22T23:52:08.089Z] [runtime-status] [21348] Resolved module firebase-functions {"declared":true,"installed":true,"version":"3.8.0","resolution":"/Users/imp_p.lane/Documents/spinfire/functions/node_modules/firebase-functions/lib/index.js"} {"metadata":{"emulator":{"name":"functions"},"message":"[runtime-status] [21348] Resolved module firebase-functions {\"declared\":true,\"installed\":true,\"version\":\"3.8.0\",\"resolution\":\"/Users/imp_p.lane/Documents/spinfire/functions/node_modules/firebase-functions/lib/index.js\"}"}}
[debug] [2020-07-22T23:52:08.089Z] [runtime-status] [21348] Resolved module firebase-admin {"declared":true,"installed":true,"version":"8.13.0","resolution":"/Users/imp_p.lane/Documents/spinfire/functions/node_modules/firebase-admin/lib/index.js"} {"metadata":{"emulator":{"name":"functions"},"message":"[runtime-status] [21348] Resolved module firebase-admin {\"declared\":true,\"installed\":true,\"version\":\"8.13.0\",\"resolution\":\"/Users/imp_p.lane/Documents/spinfire/functions/node_modules/firebase-admin/lib/index.js\"}"}}
[debug] [2020-07-22T23:52:08.089Z] [runtime-status] [21348] Resolved module firebase-functions {"declared":true,"installed":true,"version":"3.8.0","resolution":"/Users/imp_p.lane/Documents/spinfire/functions/node_modules/firebase-functions/lib/index.js"} {"metadata":{"emulator":{"name":"functions"},"message":"[runtime-status] [21348] Resolved module firebase-functions {\"declared\":true,\"installed\":true,\"version\":\"3.8.0\",\"resolution\":\"/Users/imp_p.lane/Documents/spinfire/functions/node_modules/firebase-functions/lib/index.js\"}"}}
[debug] [2020-07-22T23:52:08.090Z] [runtime-status] [21348] firebase-admin has been stubbed. {"adminResolution":{"declared":true,"installed":true,"version":"8.13.0","resolution":"/Users/imp_p.lane/Documents/spinfire/functions/node_modules/firebase-admin/lib/index.js"}} {"metadata":{"emulator":{"name":"functions"},"message":"[runtime-status] [21348] firebase-admin has been stubbed. {\"adminResolution\":{\"declared\":true,\"installed\":true,\"version\":\"8.13.0\",\"resolution\":\"/Users/imp_p.lane/Documents/spinfire/functions/node_modules/firebase-admin/lib/index.js\"}}"}}
[debug] [2020-07-22T23:52:08.121Z] [runtime-status] [21348] initializeApp(DEFAULT) {"credential":{"implicit":false,"projectId":"spinfire-elaitch","privateKey":"-----BEGIN PRIVATE KEY-----\nMIIEvQIBADANBgkqhkiG9w0BAQEFAASCBKcwggSjAgEAAoIBAQCfh6mYxah7JqIl\nZSK2DRmNJ4y/lUnjJmEA5Cdyy0TJWTM9x5Nu9W6F7OIezYtMXQ5pYV0QDi6vH1Gs\nGMRxbcJ78x7GDtaOwxe+NbLNEBdqwxoosX2K7bBRAElomgGH5RliwDx4QRdef73J\nuhTHOhniu7pnLQQEbK5iwjXlczHHW7kOGFmOVYkHEVIShItNMqSJgZyhWytH24P6\nDrttVWsh9ai6k1K/DDpRqGaGXcogO3PDs8Rzk0Qnzban45cMcKO01UBb+U2PQIqR\nARVUv6fY3pYuMExcgLnBSulB3oanJ6TnmihHxulyIM4nMIi5/b8+8fv9Kk5oNkjb\nqACPqIAfAgMBAAECggEAAwArOaumvUoOPbjugptTrtd2T+KiewV+OyG36gaqnGAY\nYoOnUIQPrIhshSUD0UwhbQdTQD6qXOuwViNiEh+X89KH8oVjTAeQFHoRuj/CXg2J\nk2YcUaYbd4KTbGFkx5v8ijn/z+qCJeOMbnbppYI2ZVQ0DglYHwbDWym4YfaPpqMZ\nqtgmj091P7Hi46PTlfuB7Ui6VXIXBuQqD0yYOSdzHxHnwScbwVXNUJ2BRfGhAsbt\nGxedHDu0loQhXUyQDJFAqxLZ431al22llLwSjltDLnMrPYrzvos06ELoa9UXHHDZ\nWbuALHyP1hPv3xUQ4BWwxeDzSzRY6eJA+yyl5rvK8QKBgQDNHNIxrQxR89iGqako\noYlszi97FSiYpvb3CxgnmfrLgbacg63+wqEfH9IormxsMZO+OI/e2ZHkZgLqxfQo\nsfVkHYkEQCaF1/9NRw2GDxvWjG++cmM4uUjprT+2UmRM06nNAgk+i+brTVGoz28b\ngIeQnKEAXfu62c6TjH7IaOpjEQKBgQDHG8fmYN6juiEwnJaTvMCys2AR3t9bQUCw\n1IHukg3lnlEpoFQ3iSHERgu8JA8HnsINoCbKILEfudxaZ3vZYxS2js0SElnqELZQ\nx7FI2Po79bj5nH1wtsQLq6fa+XtJcyPM8blUi7YsMNMijTYhh4QzyL53ivLDmdBu\nNnQ2LPtQLwKBgEfaJs/8HOrAj0NtP7LaE7gn6n4lhVkkdDNKkaWdzTtpLz1Y66Tp\nLWQn04kowRaNr4HdcpjQgskN60uvGL8AyEPQDOWOS3BroCXEFDq4JDpea+69R4Dh\nd2dUp5MI/dXj+AG3CuH8RGJ9bXPDZtqthc/k7omgYsSr9C+/8dHm3uThAoGBAJB8\ngnWVujrJ6SfjmgmfoZ6MOJz/RMpt8cngjGFZr6f/WRqB9FtQsiZCRmXDLPz0ohFN\nNJjdXGuPbm5URjWchv1rZzlEA+etNQAtyWL5wa0dRZwtiYHvvxhQ+sAW5vaIDWS9\nzSWjNRGgZLbgDnYKZ09Ez6LkPALhbbVs4qwlvEGVAoGAD3Sz9DVAto0f5qX41Yah\nTTYKJuO934vPsFy+pqesXleqoC1BuBAOxu2aV4y0fqDyw/Jt+uDtVj01xQswFQIR\nz/YVkubO0HuBP0+dsH4C59Bl3k4gNwnDfL32rXlmkWUzAzjnlHQRUzCKRHDxI5x0\nMpXF/XpoKi9optINkQ9VMNk=\n-----END PRIVATE KEY-----\n","clientEmail":"firebase-adminsdk-kcqq1@spinfire-elaitch.iam.gserviceaccount.com","httpClient":{"retry":{"maxRetries":4,"statusCodes":[503],"ioErrorCodes":["ECONNRESET","ETIMEDOUT"],"backOffFactor":0.5,"maxDelayInMillis":60000}}}} {"metadata":{"emulator":{"name":"functions"},"message":"[runtime-status] [21348] initializeApp(DEFAULT) {\"credential\":{\"implicit\":false,\"projectId\":\"spinfire-elaitch\",\"privateKey\":\"-----BEGIN PRIVATE KEY-----\\nMIIEvQIBADANBgkqhkiG9w0BAQEFAASCBKcwggSjAgEAAoIBAQCfh6mYxah7JqIl\\nZSK2DRmNJ4y/lUnjJmEA5Cdyy0TJWTM9x5Nu9W6F7OIezYtMXQ5pYV0QDi6vH1Gs\\nGMRxbcJ78x7GDtaOwxe+NbLNEBdqwxoosX2K7bBRAElomgGH5RliwDx4QRdef73J\\nuhTHOhniu7pnLQQEbK5iwjXlczHHW7kOGFmOVYkHEVIShItNMqSJgZyhWytH24P6\\nDrttVWsh9ai6k1K/DDpRqGaGXcogO3PDs8Rzk0Qnzban45cMcKO01UBb+U2PQIqR\\nARVUv6fY3pYuMExcgLnBSulB3oanJ6TnmihHxulyIM4nMIi5/b8+8fv9Kk5oNkjb\\nqACPqIAfAgMBAAECggEAAwArOaumvUoOPbjugptTrtd2T+KiewV+OyG36gaqnGAY\\nYoOnUIQPrIhshSUD0UwhbQdTQD6qXOuwViNiEh+X89KH8oVjTAeQFHoRuj/CXg2J\\nk2YcUaYbd4KTbGFkx5v8ijn/z+qCJeOMbnbppYI2ZVQ0DglYHwbDWym4YfaPpqMZ\\nqtgmj091P7Hi46PTlfuB7Ui6VXIXBuQqD0yYOSdzHxHnwScbwVXNUJ2BRfGhAsbt\\nGxedHDu0loQhXUyQDJFAqxLZ431al22llLwSjltDLnMrPYrzvos06ELoa9UXHHDZ\\nWbuALHyP1hPv3xUQ4BWwxeDzSzRY6eJA+yyl5rvK8QKBgQDNHNIxrQxR89iGqako\\noYlszi97FSiYpvb3CxgnmfrLgbacg63+wqEfH9IormxsMZO+OI/e2ZHkZgLqxfQo\\nsfVkHYkEQCaF1/9NRw2GDxvWjG++cmM4uUjprT+2UmRM06nNAgk+i+brTVGoz28b\\ngIeQnKEAXfu62c6TjH7IaOpjEQKBgQDHG8fmYN6juiEwnJaTvMCys2AR3t9bQUCw\\n1IHukg3lnlEpoFQ3iSHERgu8JA8HnsINoCbKILEfudxaZ3vZYxS2js0SElnqELZQ\\nx7FI2Po79bj5nH1wtsQLq6fa+XtJcyPM8blUi7YsMNMijTYhh4QzyL53ivLDmdBu\\nNnQ2LPtQLwKBgEfaJs/8HOrAj0NtP7LaE7gn6n4lhVkkdDNKkaWdzTtpLz1Y66Tp\\nLWQn04kowRaNr4HdcpjQgskN60uvGL8AyEPQDOWOS3BroCXEFDq4JDpea+69R4Dh\\nd2dUp5MI/dXj+AG3CuH8RGJ9bXPDZtqthc/k7omgYsSr9C+/8dHm3uThAoGBAJB8\\ngnWVujrJ6SfjmgmfoZ6MOJz/RMpt8cngjGFZr6f/WRqB9FtQsiZCRmXDLPz0ohFN\\nNJjdXGuPbm5URjWchv1rZzlEA+etNQAtyWL5wa0dRZwtiYHvvxhQ+sAW5vaIDWS9\\nzSWjNRGgZLbgDnYKZ09Ez6LkPALhbbVs4qwlvEGVAoGAD3Sz9DVAto0f5qX41Yah\\nTTYKJuO934vPsFy+pqesXleqoC1BuBAOxu2aV4y0fqDyw/Jt+uDtVj01xQswFQIR\\nz/YVkubO0HuBP0+dsH4C59Bl3k4gNwnDfL32rXlmkWUzAzjnlHQRUzCKRHDxI5x0\\nMpXF/XpoKi9optINkQ9VMNk=\\n-----END PRIVATE KEY-----\\n\",\"clientEmail\":\"firebase-adminsdk-kcqq1@spinfire-elaitch.iam.gserviceaccount.com\",\"httpClient\":{\"retry\":{\"maxRetries\":4,\"statusCodes\":[503],\"ioErrorCodes\":[\"ECONNRESET\",\"ETIMEDOUT\"],\"backOffFactor\":0.5,\"maxDelayInMillis\":60000}}}}"}}
[info] ✔  functions[addData]: http function initialized (http://0.0.0.0:5001/spinfire-elaitch/europe-west2/addData). {"metadata":{"emulator":{"name":"functions"},"message":"\u001b[1mhttp\u001b[22m function initialized (http://0.0.0.0:5001/spinfire-elaitch/europe-west2/addData)."}}
[info] 
┌───────────────────────────────────────────────────────────────────────┐
│ ✔  All emulators ready! View status and logs at http://localhost:4000 │
└───────────────────────────────────────────────────────────────────────┘

┌───────────┬────────────────┬─────────────────────────────────┐
│ Emulator  │ Host:Port      │ View in Emulator UI             │
├───────────┼────────────────┼─────────────────────────────────┤
│ Functions │ 0.0.0.0:5001   │ http://localhost:4000/functions │
├───────────┼────────────────┼─────────────────────────────────┤
│ Firestore │ localhost:5002 │ http://localhost:4000/firestore │
├───────────┼────────────────┼─────────────────────────────────┤
│ Hosting   │ localhost:5000 │ n/a                             │
└───────────┴────────────────┴─────────────────────────────────┘
  Other reserved ports: 4400, 4500

Issues? Report them at https://github.com/firebase/firebase-tools/issues and attach the *-debug.log files.
 
[debug] [2020-07-22T23:52:08.279Z] [worker-~diagnostic~-02f67d5f-6629-4c42-ad13-7731986fed3c]: IDLE {"metadata":{"emulator":{"name":"functions"},"message":"[worker-~diagnostic~-02f67d5f-6629-4c42-ad13-7731986fed3c]: IDLE"}}
[debug] [2020-07-22T23:52:11.956Z] Jul 23, 2020 12:52:11 AM io.gapi.emulators.netty.HttpVersionRoutingHandler channelRead
INFO: Detected non-HTTP/2 connection.
 {"metadata":{"emulator":{"name":"firestore"},"message":"Jul 23, 2020 12:52:11 AM io.gapi.emulators.netty.HttpVersionRoutingHandler channelRead\nINFO: Detected non-HTTP/2 connection.\n"}}
[debug] [2020-07-22T23:52:11.956Z] Jul 23, 2020 12:52:11 AM io.gapi.emulators.netty.HttpVersionRoutingHandler channelRead
INFO: Detected non-HTTP/2 connection.
 {"metadata":{"emulator":{"name":"firestore"},"message":"Jul 23, 2020 12:52:11 AM io.gapi.emulators.netty.HttpVersionRoutingHandler channelRead\nINFO: Detected non-HTTP/2 connection.\n"}}
[debug] [2020-07-22T23:52:12.128Z] Jul 23, 2020 12:52:12 AM io.gapi.emulators.netty.HttpVersionRoutingHandler channelRead
INFO: Detected HTTP/2 connection.
 {"metadata":{"emulator":{"name":"firestore"},"message":"Jul 23, 2020 12:52:12 AM io.gapi.emulators.netty.HttpVersionRoutingHandler channelRead\nINFO: Detected HTTP/2 connection.\n"}}
[debug] [2020-07-22T23:52:12.130Z] Jul 23, 2020 12:52:12 AM io.gapi.emulators.netty.HttpVersionRoutingHandler channelRead
INFO: Detected non-HTTP/2 connection.
 {"metadata":{"emulator":{"name":"firestore"},"message":"Jul 23, 2020 12:52:12 AM io.gapi.emulators.netty.HttpVersionRoutingHandler channelRead\nINFO: Detected non-HTTP/2 connection.\n"}}
[debug] [2020-07-22T23:52:12.752Z] Jul 23, 2020 12:52:12 AM io.gapi.emulators.netty.HttpVersionRoutingHandler channelRead
INFO: Detected non-HTTP/2 connection.
 {"metadata":{"emulator":{"name":"firestore"},"message":"Jul 23, 2020 12:52:12 AM io.gapi.emulators.netty.HttpVersionRoutingHandler channelRead\nINFO: Detected non-HTTP/2 connection.\n"}}
[debug] [2020-07-22T23:52:13.819Z] [work-queue] {"queueLength":1,"workRunningCount":0}
[debug] [2020-07-22T23:52:13.820Z] [work-queue] {"queueLength":0,"workRunningCount":1}
[debug] [2020-07-22T23:52:13.821Z] Accepted request POST /spinfire-elaitch/europe-west2/addData --> addData
[debug] [2020-07-22T23:52:13.828Z] [worker-pool] addWorker(addData) {"metadata":{"emulator":{"name":"functions"},"message":"[worker-pool] addWorker(addData)"}}
[debug] [2020-07-22T23:52:13.828Z] [worker-pool] Adding worker with key addData, total=1 {"metadata":{"emulator":{"name":"functions"},"message":"[worker-pool] Adding worker with key addData, total=1"}}
[debug] [2020-07-22T23:52:13.828Z] [worker-pool] submitWork(triggerId=addData) {"metadata":{"emulator":{"name":"functions"},"message":"[worker-pool] submitWork(triggerId=addData)"}}
[debug] [2020-07-22T23:52:13.829Z] [worker-addData-4427f350-a940-4fba-8ad2-90119d24eb18]: Assigning socketPath: /var/folders/vf/lmrfff6s63z95f4s_ztjmxw1dtfl1s/T/fire_emu_21365.sock {"metadata":{"emulator":{"name":"functions"},"message":"[worker-addData-4427f350-a940-4fba-8ad2-90119d24eb18]: Assigning socketPath: /var/folders/vf/lmrfff6s63z95f4s_ztjmxw1dtfl1s/T/fire_emu_21365.sock"}}
[debug] [2020-07-22T23:52:13.829Z] [worker-addData-4427f350-a940-4fba-8ad2-90119d24eb18]: BUSY {"metadata":{"emulator":{"name":"functions"},"message":"[worker-addData-4427f350-a940-4fba-8ad2-90119d24eb18]: BUSY"}}
[debug] [2020-07-22T23:52:14.093Z] [runtime-status] [21365] Functions runtime initialized. {"cwd":"/Users/imp_p.lane/Documents/spinfire/functions","node_version":"10.22.0"} {"metadata":{"emulator":{"name":"functions"},"function":{"name":"addData"},"message":"[runtime-status] [21365] Functions runtime initialized. {\"cwd\":\"/Users/imp_p.lane/Documents/spinfire/functions\",\"node_version\":\"10.22.0\"}"}}
[debug] [2020-07-22T23:52:14.095Z] [runtime-status] [21365] Disabled runtime features: undefined {"metadata":{"emulator":{"name":"functions"},"function":{"name":"addData"},"message":"[runtime-status] [21365] Disabled runtime features: undefined"}}
[debug] [2020-07-22T23:52:14.097Z] [runtime-status] [21365] Resolved module firebase-admin {"declared":true,"installed":true,"version":"8.13.0","resolution":"/Users/imp_p.lane/Documents/spinfire/functions/node_modules/firebase-admin/lib/index.js"} {"metadata":{"emulator":{"name":"functions"},"function":{"name":"addData"},"message":"[runtime-status] [21365] Resolved module firebase-admin {\"declared\":true,\"installed\":true,\"version\":\"8.13.0\",\"resolution\":\"/Users/imp_p.lane/Documents/spinfire/functions/node_modules/firebase-admin/lib/index.js\"}"}}
[debug] [2020-07-22T23:52:14.098Z] [runtime-status] [21365] Resolved module firebase-functions {"declared":true,"installed":true,"version":"3.8.0","resolution":"/Users/imp_p.lane/Documents/spinfire/functions/node_modules/firebase-functions/lib/index.js"} {"metadata":{"emulator":{"name":"functions"},"function":{"name":"addData"},"message":"[runtime-status] [21365] Resolved module firebase-functions {\"declared\":true,\"installed\":true,\"version\":\"3.8.0\",\"resolution\":\"/Users/imp_p.lane/Documents/spinfire/functions/node_modules/firebase-functions/lib/index.js\"}"}}
[debug] [2020-07-22T23:52:14.101Z] [runtime-status] [21365] Outgoing network have been stubbed. [{"name":"http","status":"mocked"},{"name":"http","status":"mocked"},{"name":"https","status":"mocked"},{"name":"https","status":"mocked"},{"name":"net","status":"mocked"}] {"metadata":{"emulator":{"name":"functions"},"function":{"name":"addData"},"message":"[runtime-status] [21365] Outgoing network have been stubbed. [{\"name\":\"http\",\"status\":\"mocked\"},{\"name\":\"http\",\"status\":\"mocked\"},{\"name\":\"https\",\"status\":\"mocked\"},{\"name\":\"https\",\"status\":\"mocked\"},{\"name\":\"net\",\"status\":\"mocked\"}]"}}
[debug] [2020-07-22T23:52:14.101Z] [runtime-status] [21365] Resolved module firebase-functions {"declared":true,"installed":true,"version":"3.8.0","resolution":"/Users/imp_p.lane/Documents/spinfire/functions/node_modules/firebase-functions/lib/index.js"} {"metadata":{"emulator":{"name":"functions"},"function":{"name":"addData"},"message":"[runtime-status] [21365] Resolved module firebase-functions {\"declared\":true,\"installed\":true,\"version\":\"3.8.0\",\"resolution\":\"/Users/imp_p.lane/Documents/spinfire/functions/node_modules/firebase-functions/lib/index.js\"}"}}
[debug] [2020-07-22T23:52:14.129Z] [runtime-status] [21365] Checked functions.config() {"config":{}} {"metadata":{"emulator":{"name":"functions"},"function":{"name":"addData"},"message":"[runtime-status] [21365] Checked functions.config() {\"config\":{}}"}}
[debug] [2020-07-22T23:52:14.130Z] [runtime-status] [21365] firebase-functions has been stubbed. {"functionsResolution":{"declared":true,"installed":true,"version":"3.8.0","resolution":"/Users/imp_p.lane/Documents/spinfire/functions/node_modules/firebase-functions/lib/index.js"}} {"metadata":{"emulator":{"name":"functions"},"function":{"name":"addData"},"message":"[runtime-status] [21365] firebase-functions has been stubbed. {\"functionsResolution\":{\"declared\":true,\"installed\":true,\"version\":\"3.8.0\",\"resolution\":\"/Users/imp_p.lane/Documents/spinfire/functions/node_modules/firebase-functions/lib/index.js\"}}"}}
[debug] [2020-07-22T23:52:14.130Z] [runtime-status] [21365] Resolved module firebase-functions {"declared":true,"installed":true,"version":"3.8.0","resolution":"/Users/imp_p.lane/Documents/spinfire/functions/node_modules/firebase-functions/lib/index.js"} {"metadata":{"emulator":{"name":"functions"},"function":{"name":"addData"},"message":"[runtime-status] [21365] Resolved module firebase-functions {\"declared\":true,\"installed\":true,\"version\":\"3.8.0\",\"resolution\":\"/Users/imp_p.lane/Documents/spinfire/functions/node_modules/firebase-functions/lib/index.js\"}"}}
[debug] [2020-07-22T23:52:14.130Z] [runtime-status] [21365] Resolved module firebase-admin {"declared":true,"installed":true,"version":"8.13.0","resolution":"/Users/imp_p.lane/Documents/spinfire/functions/node_modules/firebase-admin/lib/index.js"} {"metadata":{"emulator":{"name":"functions"},"function":{"name":"addData"},"message":"[runtime-status] [21365] Resolved module firebase-admin {\"declared\":true,\"installed\":true,\"version\":\"8.13.0\",\"resolution\":\"/Users/imp_p.lane/Documents/spinfire/functions/node_modules/firebase-admin/lib/index.js\"}"}}
[debug] [2020-07-22T23:52:14.131Z] [runtime-status] [21365] Resolved module firebase-functions {"declared":true,"installed":true,"version":"3.8.0","resolution":"/Users/imp_p.lane/Documents/spinfire/functions/node_modules/firebase-functions/lib/index.js"} {"metadata":{"emulator":{"name":"functions"},"function":{"name":"addData"},"message":"[runtime-status] [21365] Resolved module firebase-functions {\"declared\":true,\"installed\":true,\"version\":\"3.8.0\",\"resolution\":\"/Users/imp_p.lane/Documents/spinfire/functions/node_modules/firebase-functions/lib/index.js\"}"}}
[debug] [2020-07-22T23:52:14.131Z] [runtime-status] [21365] firebase-admin has been stubbed. {"adminResolution":{"declared":true,"installed":true,"version":"8.13.0","resolution":"/Users/imp_p.lane/Documents/spinfire/functions/node_modules/firebase-admin/lib/index.js"}} {"metadata":{"emulator":{"name":"functions"},"function":{"name":"addData"},"message":"[runtime-status] [21365] firebase-admin has been stubbed. {\"adminResolution\":{\"declared\":true,\"installed\":true,\"version\":\"8.13.0\",\"resolution\":\"/Users/imp_p.lane/Documents/spinfire/functions/node_modules/firebase-admin/lib/index.js\"}}"}}
[debug] [2020-07-22T23:52:14.166Z] [runtime-status] [21365] initializeApp(DEFAULT) {"credential":{"implicit":false,"projectId":"spinfire-elaitch","privateKey":"-----BEGIN PRIVATE KEY-----\nMIIEvQIBADANBgkqhkiG9w0BAQEFAASCBKcwggSjAgEAAoIBAQCfh6mYxah7JqIl\nZSK2DRmNJ4y/lUnjJmEA5Cdyy0TJWTM9x5Nu9W6F7OIezYtMXQ5pYV0QDi6vH1Gs\nGMRxbcJ78x7GDtaOwxe+NbLNEBdqwxoosX2K7bBRAElomgGH5RliwDx4QRdef73J\nuhTHOhniu7pnLQQEbK5iwjXlczHHW7kOGFmOVYkHEVIShItNMqSJgZyhWytH24P6\nDrttVWsh9ai6k1K/DDpRqGaGXcogO3PDs8Rzk0Qnzban45cMcKO01UBb+U2PQIqR\nARVUv6fY3pYuMExcgLnBSulB3oanJ6TnmihHxulyIM4nMIi5/b8+8fv9Kk5oNkjb\nqACPqIAfAgMBAAECggEAAwArOaumvUoOPbjugptTrtd2T+KiewV+OyG36gaqnGAY\nYoOnUIQPrIhshSUD0UwhbQdTQD6qXOuwViNiEh+X89KH8oVjTAeQFHoRuj/CXg2J\nk2YcUaYbd4KTbGFkx5v8ijn/z+qCJeOMbnbppYI2ZVQ0DglYHwbDWym4YfaPpqMZ\nqtgmj091P7Hi46PTlfuB7Ui6VXIXBuQqD0yYOSdzHxHnwScbwVXNUJ2BRfGhAsbt\nGxedHDu0loQhXUyQDJFAqxLZ431al22llLwSjltDLnMrPYrzvos06ELoa9UXHHDZ\nWbuALHyP1hPv3xUQ4BWwxeDzSzRY6eJA+yyl5rvK8QKBgQDNHNIxrQxR89iGqako\noYlszi97FSiYpvb3CxgnmfrLgbacg63+wqEfH9IormxsMZO+OI/e2ZHkZgLqxfQo\nsfVkHYkEQCaF1/9NRw2GDxvWjG++cmM4uUjprT+2UmRM06nNAgk+i+brTVGoz28b\ngIeQnKEAXfu62c6TjH7IaOpjEQKBgQDHG8fmYN6juiEwnJaTvMCys2AR3t9bQUCw\n1IHukg3lnlEpoFQ3iSHERgu8JA8HnsINoCbKILEfudxaZ3vZYxS2js0SElnqELZQ\nx7FI2Po79bj5nH1wtsQLq6fa+XtJcyPM8blUi7YsMNMijTYhh4QzyL53ivLDmdBu\nNnQ2LPtQLwKBgEfaJs/8HOrAj0NtP7LaE7gn6n4lhVkkdDNKkaWdzTtpLz1Y66Tp\nLWQn04kowRaNr4HdcpjQgskN60uvGL8AyEPQDOWOS3BroCXEFDq4JDpea+69R4Dh\nd2dUp5MI/dXj+AG3CuH8RGJ9bXPDZtqthc/k7omgYsSr9C+/8dHm3uThAoGBAJB8\ngnWVujrJ6SfjmgmfoZ6MOJz/RMpt8cngjGFZr6f/WRqB9FtQsiZCRmXDLPz0ohFN\nNJjdXGuPbm5URjWchv1rZzlEA+etNQAtyWL5wa0dRZwtiYHvvxhQ+sAW5vaIDWS9\nzSWjNRGgZLbgDnYKZ09Ez6LkPALhbbVs4qwlvEGVAoGAD3Sz9DVAto0f5qX41Yah\nTTYKJuO934vPsFy+pqesXleqoC1BuBAOxu2aV4y0fqDyw/Jt+uDtVj01xQswFQIR\nz/YVkubO0HuBP0+dsH4C59Bl3k4gNwnDfL32rXlmkWUzAzjnlHQRUzCKRHDxI5x0\nMpXF/XpoKi9optINkQ9VMNk=\n-----END PRIVATE KEY-----\n","clientEmail":"firebase-adminsdk-kcqq1@spinfire-elaitch.iam.gserviceaccount.com","httpClient":{"retry":{"maxRetries":4,"statusCodes":[503],"ioErrorCodes":["ECONNRESET","ETIMEDOUT"],"backOffFactor":0.5,"maxDelayInMillis":60000}}}} {"metadata":{"emulator":{"name":"functions"},"function":{"name":"addData"},"message":"[runtime-status] [21365] initializeApp(DEFAULT) {\"credential\":{\"implicit\":false,\"projectId\":\"spinfire-elaitch\",\"privateKey\":\"-----BEGIN PRIVATE KEY-----\\nMIIEvQIBADANBgkqhkiG9w0BAQEFAASCBKcwggSjAgEAAoIBAQCfh6mYxah7JqIl\\nZSK2DRmNJ4y/lUnjJmEA5Cdyy0TJWTM9x5Nu9W6F7OIezYtMXQ5pYV0QDi6vH1Gs\\nGMRxbcJ78x7GDtaOwxe+NbLNEBdqwxoosX2K7bBRAElomgGH5RliwDx4QRdef73J\\nuhTHOhniu7pnLQQEbK5iwjXlczHHW7kOGFmOVYkHEVIShItNMqSJgZyhWytH24P6\\nDrttVWsh9ai6k1K/DDpRqGaGXcogO3PDs8Rzk0Qnzban45cMcKO01UBb+U2PQIqR\\nARVUv6fY3pYuMExcgLnBSulB3oanJ6TnmihHxulyIM4nMIi5/b8+8fv9Kk5oNkjb\\nqACPqIAfAgMBAAECggEAAwArOaumvUoOPbjugptTrtd2T+KiewV+OyG36gaqnGAY\\nYoOnUIQPrIhshSUD0UwhbQdTQD6qXOuwViNiEh+X89KH8oVjTAeQFHoRuj/CXg2J\\nk2YcUaYbd4KTbGFkx5v8ijn/z+qCJeOMbnbppYI2ZVQ0DglYHwbDWym4YfaPpqMZ\\nqtgmj091P7Hi46PTlfuB7Ui6VXIXBuQqD0yYOSdzHxHnwScbwVXNUJ2BRfGhAsbt\\nGxedHDu0loQhXUyQDJFAqxLZ431al22llLwSjltDLnMrPYrzvos06ELoa9UXHHDZ\\nWbuALHyP1hPv3xUQ4BWwxeDzSzRY6eJA+yyl5rvK8QKBgQDNHNIxrQxR89iGqako\\noYlszi97FSiYpvb3CxgnmfrLgbacg63+wqEfH9IormxsMZO+OI/e2ZHkZgLqxfQo\\nsfVkHYkEQCaF1/9NRw2GDxvWjG++cmM4uUjprT+2UmRM06nNAgk+i+brTVGoz28b\\ngIeQnKEAXfu62c6TjH7IaOpjEQKBgQDHG8fmYN6juiEwnJaTvMCys2AR3t9bQUCw\\n1IHukg3lnlEpoFQ3iSHERgu8JA8HnsINoCbKILEfudxaZ3vZYxS2js0SElnqELZQ\\nx7FI2Po79bj5nH1wtsQLq6fa+XtJcyPM8blUi7YsMNMijTYhh4QzyL53ivLDmdBu\\nNnQ2LPtQLwKBgEfaJs/8HOrAj0NtP7LaE7gn6n4lhVkkdDNKkaWdzTtpLz1Y66Tp\\nLWQn04kowRaNr4HdcpjQgskN60uvGL8AyEPQDOWOS3BroCXEFDq4JDpea+69R4Dh\\nd2dUp5MI/dXj+AG3CuH8RGJ9bXPDZtqthc/k7omgYsSr9C+/8dHm3uThAoGBAJB8\\ngnWVujrJ6SfjmgmfoZ6MOJz/RMpt8cngjGFZr6f/WRqB9FtQsiZCRmXDLPz0ohFN\\nNJjdXGuPbm5URjWchv1rZzlEA+etNQAtyWL5wa0dRZwtiYHvvxhQ+sAW5vaIDWS9\\nzSWjNRGgZLbgDnYKZ09Ez6LkPALhbbVs4qwlvEGVAoGAD3Sz9DVAto0f5qX41Yah\\nTTYKJuO934vPsFy+pqesXleqoC1BuBAOxu2aV4y0fqDyw/Jt+uDtVj01xQswFQIR\\nz/YVkubO0HuBP0+dsH4C59Bl3k4gNwnDfL32rXlmkWUzAzjnlHQRUzCKRHDxI5x0\\nMpXF/XpoKi9optINkQ9VMNk=\\n-----END PRIVATE KEY-----\\n\",\"clientEmail\":\"firebase-adminsdk-kcqq1@spinfire-elaitch.iam.gserviceaccount.com\",\"httpClient\":{\"retry\":{\"maxRetries\":4,\"statusCodes\":[503],\"ioErrorCodes\":[\"ECONNRESET\",\"ETIMEDOUT\"],\"backOffFactor\":0.5,\"maxDelayInMillis\":60000}}}}"}}
[debug] [2020-07-22T23:52:14.333Z] [runtime-status] [21365] Trigger "addData" has been found, beginning invocation! {"metadata":{"emulator":{"name":"functions"},"function":{"name":"addData"},"message":"[runtime-status] [21365] Trigger \"addData\" has been found, beginning invocation!"}}
[info] i  functions: Beginning execution of "addData" {"metadata":{"emulator":{"name":"functions"},"function":{"name":"addData"},"message":"Beginning execution of \"addData\""}}
[debug] [2020-07-22T23:52:14.333Z] [runtime-status] [21365] triggerDefinition {"regions":["europe-west2"],"httpsTrigger":{},"name":"addData","entryPoint":"addData"} {"metadata":{"emulator":{"name":"functions"},"function":{"name":"addData"},"message":"[runtime-status] [21365] triggerDefinition {\"regions\":[\"europe-west2\"],\"httpsTrigger\":{},\"name\":\"addData\",\"entryPoint\":\"addData\"}"}}
[debug] [2020-07-22T23:52:14.333Z] [runtime-status] [21365] Running addData in mode HTTPS {"metadata":{"emulator":{"name":"functions"},"function":{"name":"addData"},"message":"[runtime-status] [21365] Running addData in mode HTTPS"}}
[debug] [2020-07-22T23:52:14.336Z] [runtime-status] [21365] Attempting to listen to socketPath: /var/folders/vf/lmrfff6s63z95f4s_ztjmxw1dtfl1s/T/fire_emu_21365.sock {"metadata":{"emulator":{"name":"functions"},"function":{"name":"addData"},"message":"[runtime-status] [21365] Attempting to listen to socketPath: /var/folders/vf/lmrfff6s63z95f4s_ztjmxw1dtfl1s/T/fire_emu_21365.sock"}}
[debug] [2020-07-22T23:52:14.339Z] [functions] Runtime ready! Sending request! {"metadata":{"emulator":{"name":"functions"},"message":"[functions] Runtime ready! Sending request!"}}
[debug] [2020-07-22T23:52:14.352Z] [runtime-status] [21365] Ephemeral server handling POST request {"metadata":{"emulator":{"name":"functions"},"function":{"name":"addData"},"message":"[runtime-status] [21365] Ephemeral server handling POST request"}}
[info] >  { name: 'iSpindel000', {"user":"{ name: 'iSpindel000',","metadata":{"emulator":{"name":"functions"},"function":{"name":"addData"},"message":"\u001b[90m> \u001b[39m { name: 'iSpindel000',"}}
[info] >    ID: 15351129, {"user":"  ID: 15351129,","metadata":{"emulator":{"name":"functions"},"function":{"name":"addData"},"message":"\u001b[90m> \u001b[39m   ID: 15351129,"}}
[info] >    angle: 6.977286, {"user":"  angle: 6.977286,","metadata":{"emulator":{"name":"functions"},"function":{"name":"addData"},"message":"\u001b[90m> \u001b[39m   angle: 6.977286,"}}
[info] >    temperature: 25.5625, {"user":"  temperature: 25.5625,","metadata":{"emulator":{"name":"functions"},"function":{"name":"addData"},"message":"\u001b[90m> \u001b[39m   temperature: 25.5625,"}}
[info] >    temp_units: 'C', {"user":"  temp_units: 'C',","metadata":{"emulator":{"name":"functions"},"function":{"name":"addData"},"message":"\u001b[90m> \u001b[39m   temp_units: 'C',"}}
[info] >    battery: 4.254432, {"user":"  battery: 4.254432,","metadata":{"emulator":{"name":"functions"},"function":{"name":"addData"},"message":"\u001b[90m> \u001b[39m   battery: 4.254432,"}}
[info] >    gravity: -10.18274, {"user":"  gravity: -10.18274,","metadata":{"emulator":{"name":"functions"},"function":{"name":"addData"},"message":"\u001b[90m> \u001b[39m   gravity: -10.18274,"}}
[info] >    interval: 20, {"user":"  interval: 20,","metadata":{"emulator":{"name":"functions"},"function":{"name":"addData"},"message":"\u001b[90m> \u001b[39m   interval: 20,"}}
[info] >    RSSI: -59 } {"user":"  RSSI: -59 }","metadata":{"emulator":{"name":"functions"},"function":{"name":"addData"},"message":"\u001b[90m> \u001b[39m   RSSI: -59 }"}}
[debug] [2020-07-22T23:52:14.361Z] [runtime-status] [21365] Ephemeral server survived. {"metadata":{"emulator":{"name":"functions"},"function":{"name":"addData"},"message":"[runtime-status] [21365] Ephemeral server survived."}}
[info] i  functions: Finished "addData" in ~1s {"metadata":{"emulator":{"name":"functions"},"function":{"name":"addData"},"message":"Finished \"addData\" in ~1s"}}
[debug] [2020-07-22T23:52:14.458Z] [worker-addData-4427f350-a940-4fba-8ad2-90119d24eb18]: IDLE {"metadata":{"emulator":{"name":"functions"},"message":"[worker-addData-4427f350-a940-4fba-8ad2-90119d24eb18]: IDLE"}}
[debug] [2020-07-22T23:52:14.458Z] [work-queue] {"queueLength":0,"workRunningCount":0}
[debug] [2020-07-22T23:52:14.473Z] Jul 23, 2020 12:52:14 AM io.gapi.emulators.netty.HttpVersionRoutingHandler channelRead
INFO: Detected HTTP/2 connection.
 {"metadata":{"emulator":{"name":"firestore"},"message":"Jul 23, 2020 12:52:14 AM io.gapi.emulators.netty.HttpVersionRoutingHandler channelRead\nINFO: Detected HTTP/2 connection.\n"}}
[debug] [2020-07-22T23:52:36.041Z] [work-queue] {"queueLength":1,"workRunningCount":0}
[debug] [2020-07-22T23:52:36.042Z] [work-queue] {"queueLength":0,"workRunningCount":1}
[debug] [2020-07-22T23:52:36.042Z] Accepted request POST /spinfire-elaitch/europe-west2/addData --> addData
[debug] [2020-07-22T23:52:36.043Z] [worker-pool] submitWork(triggerId=addData) {"metadata":{"emulator":{"name":"functions"},"message":"[worker-pool] submitWork(triggerId=addData)"}}
[debug] [2020-07-22T23:52:36.043Z] [worker-addData-4427f350-a940-4fba-8ad2-90119d24eb18]: Assigning socketPath: /var/folders/vf/lmrfff6s63z95f4s_ztjmxw1dtfl1s/T/fire_emu_21365.sock {"metadata":{"emulator":{"name":"functions"},"message":"[worker-addData-4427f350-a940-4fba-8ad2-90119d24eb18]: Assigning socketPath: /var/folders/vf/lmrfff6s63z95f4s_ztjmxw1dtfl1s/T/fire_emu_21365.sock"}}
[debug] [2020-07-22T23:52:36.043Z] [worker-addData-4427f350-a940-4fba-8ad2-90119d24eb18]: BUSY {"metadata":{"emulator":{"name":"functions"},"message":"[worker-addData-4427f350-a940-4fba-8ad2-90119d24eb18]: BUSY"}}
[debug] [2020-07-22T23:52:36.044Z] [runtime-status] [21365] Trigger "addData" has been found, beginning invocation! {"metadata":{"emulator":{"name":"functions"},"function":{"name":"addData"},"message":"[runtime-status] [21365] Trigger \"addData\" has been found, beginning invocation!"}}
[info] i  functions: Beginning execution of "addData" {"metadata":{"emulator":{"name":"functions"},"function":{"name":"addData"},"message":"Beginning execution of \"addData\""}}
[debug] [2020-07-22T23:52:36.046Z] [runtime-status] [21365] triggerDefinition {"regions":["europe-west2"],"httpsTrigger":{},"name":"addData","entryPoint":"addData"} {"metadata":{"emulator":{"name":"functions"},"function":{"name":"addData"},"message":"[runtime-status] [21365] triggerDefinition {\"regions\":[\"europe-west2\"],\"httpsTrigger\":{},\"name\":\"addData\",\"entryPoint\":\"addData\"}"}}
[debug] [2020-07-22T23:52:36.046Z] [runtime-status] [21365] Running addData in mode HTTPS {"metadata":{"emulator":{"name":"functions"},"function":{"name":"addData"},"message":"[runtime-status] [21365] Running addData in mode HTTPS"}}
[debug] [2020-07-22T23:52:36.046Z] [runtime-status] [21365] Attempting to listen to socketPath: /var/folders/vf/lmrfff6s63z95f4s_ztjmxw1dtfl1s/T/fire_emu_21365.sock {"metadata":{"emulator":{"name":"functions"},"function":{"name":"addData"},"message":"[runtime-status] [21365] Attempting to listen to socketPath: /var/folders/vf/lmrfff6s63z95f4s_ztjmxw1dtfl1s/T/fire_emu_21365.sock"}}
[debug] [2020-07-22T23:52:36.049Z] [functions] Runtime ready! Sending request! {"metadata":{"emulator":{"name":"functions"},"message":"[functions] Runtime ready! Sending request!"}}
[debug] [2020-07-22T23:52:36.053Z] [runtime-status] [21365] Ephemeral server handling POST request {"metadata":{"emulator":{"name":"functions"},"function":{"name":"addData"},"message":"[runtime-status] [21365] Ephemeral server handling POST request"}}
[info] >  { name: 'iSpindel000', {"user":"{ name: 'iSpindel000',","metadata":{"emulator":{"name":"functions"},"function":{"name":"addData"},"message":"\u001b[90m> \u001b[39m { name: 'iSpindel000',"}}
[info] >    ID: 15351129, {"user":"  ID: 15351129,","metadata":{"emulator":{"name":"functions"},"function":{"name":"addData"},"message":"\u001b[90m> \u001b[39m   ID: 15351129,"}}
[info] >    angle: 6.97085, {"user":"  angle: 6.97085,","metadata":{"emulator":{"name":"functions"},"function":{"name":"addData"},"message":"\u001b[90m> \u001b[39m   angle: 6.97085,"}}
[info] >    temperature: 25.625, {"user":"  temperature: 25.625,","metadata":{"emulator":{"name":"functions"},"function":{"name":"addData"},"message":"\u001b[90m> \u001b[39m   temperature: 25.625,"}}
[info] >    temp_units: 'C', {"user":"  temp_units: 'C',","metadata":{"emulator":{"name":"functions"},"function":{"name":"addData"},"message":"\u001b[90m> \u001b[39m   temp_units: 'C',"}}
[info] >    battery: 4.244004, {"user":"  battery: 4.244004,","metadata":{"emulator":{"name":"functions"},"function":{"name":"addData"},"message":"\u001b[90m> \u001b[39m   battery: 4.244004,"}}
[info] >    gravity: -10.1863, {"user":"  gravity: -10.1863,","metadata":{"emulator":{"name":"functions"},"function":{"name":"addData"},"message":"\u001b[90m> \u001b[39m   gravity: -10.1863,"}}
[info] >    interval: 20, {"user":"  interval: 20,","metadata":{"emulator":{"name":"functions"},"function":{"name":"addData"},"message":"\u001b[90m> \u001b[39m   interval: 20,"}}
[info] >    RSSI: -59 } {"user":"  RSSI: -59 }","metadata":{"emulator":{"name":"functions"},"function":{"name":"addData"},"message":"\u001b[90m> \u001b[39m   RSSI: -59 }"}}
[debug] [2020-07-22T23:52:36.064Z] [runtime-status] [21365] Ephemeral server survived. {"metadata":{"emulator":{"name":"functions"},"function":{"name":"addData"},"message":"[runtime-status] [21365] Ephemeral server survived."}}
[info] i  functions: Finished "addData" in ~1s {"metadata":{"emulator":{"name":"functions"},"function":{"name":"addData"},"message":"Finished \"addData\" in ~1s"}}
[debug] [2020-07-22T23:52:36.066Z] [worker-addData-4427f350-a940-4fba-8ad2-90119d24eb18]: IDLE {"metadata":{"emulator":{"name":"functions"},"message":"[worker-addData-4427f350-a940-4fba-8ad2-90119d24eb18]: IDLE"}}
[debug] [2020-07-22T23:52:36.067Z] [work-queue] {"queueLength":0,"workRunningCount":0}
[debug] [2020-07-22T23:52:43.801Z] File /Users/imp_p.lane/Documents/spinfire/functions/index.js changed, reloading triggers {"metadata":{"emulator":{"name":"functions"},"message":"File /Users/imp_p.lane/Documents/spinfire/functions/index.js changed, reloading triggers"}}
[debug] [2020-07-22T23:52:44.803Z] [worker-pool] Shutting down IDLE worker (~diagnostic~) {"metadata":{"emulator":{"name":"functions"},"message":"[worker-pool] Shutting down IDLE worker (~diagnostic~)"}}
[debug] [2020-07-22T23:52:44.803Z] [worker-~diagnostic~-02f67d5f-6629-4c42-ad13-7731986fed3c]: FINISHING {"metadata":{"emulator":{"name":"functions"},"message":"[worker-~diagnostic~-02f67d5f-6629-4c42-ad13-7731986fed3c]: FINISHING"}}
[debug] [2020-07-22T23:52:44.803Z] [worker-pool] Shutting down IDLE worker (addData) {"metadata":{"emulator":{"name":"functions"},"message":"[worker-pool] Shutting down IDLE worker (addData)"}}
[debug] [2020-07-22T23:52:44.803Z] [worker-addData-4427f350-a940-4fba-8ad2-90119d24eb18]: FINISHING {"metadata":{"emulator":{"name":"functions"},"message":"[worker-addData-4427f350-a940-4fba-8ad2-90119d24eb18]: FINISHING"}}
[debug] [2020-07-22T23:52:44.808Z] [worker-pool] addWorker(~diagnostic~) {"metadata":{"emulator":{"name":"functions"},"message":"[worker-pool] addWorker(~diagnostic~)"}}
[debug] [2020-07-22T23:52:44.808Z] [worker-pool] Adding worker with key ~diagnostic~, total=2 {"metadata":{"emulator":{"name":"functions"},"message":"[worker-pool] Adding worker with key ~diagnostic~, total=2"}}
[debug] [2020-07-22T23:52:44.808Z] [worker-pool] submitWork(triggerId=) {"metadata":{"emulator":{"name":"functions"},"message":"[worker-pool] submitWork(triggerId=)"}}
[debug] [2020-07-22T23:52:44.808Z] [worker-~diagnostic~-f5bcfd8e-c86f-42d7-a819-19305044cf86]: Assigning socketPath: /var/folders/vf/lmrfff6s63z95f4s_ztjmxw1dtfl1s/T/fire_emu_21375.sock {"metadata":{"emulator":{"name":"functions"},"message":"[worker-~diagnostic~-f5bcfd8e-c86f-42d7-a819-19305044cf86]: Assigning socketPath: /var/folders/vf/lmrfff6s63z95f4s_ztjmxw1dtfl1s/T/fire_emu_21375.sock"}}
[debug] [2020-07-22T23:52:44.808Z] [worker-~diagnostic~-f5bcfd8e-c86f-42d7-a819-19305044cf86]: BUSY {"metadata":{"emulator":{"name":"functions"},"message":"[worker-~diagnostic~-f5bcfd8e-c86f-42d7-a819-19305044cf86]: BUSY"}}
[debug] [2020-07-22T23:52:44.811Z] [worker-~diagnostic~-02f67d5f-6629-4c42-ad13-7731986fed3c]: exited {"metadata":{"emulator":{"name":"functions"},"message":"[worker-~diagnostic~-02f67d5f-6629-4c42-ad13-7731986fed3c]: exited"}}
[debug] [2020-07-22T23:52:44.812Z] [worker-~diagnostic~-02f67d5f-6629-4c42-ad13-7731986fed3c]: FINISHED {"metadata":{"emulator":{"name":"functions"},"message":"[worker-~diagnostic~-02f67d5f-6629-4c42-ad13-7731986fed3c]: FINISHED"}}
[debug] [2020-07-22T23:52:44.813Z] [worker-addData-4427f350-a940-4fba-8ad2-90119d24eb18]: exited {"metadata":{"emulator":{"name":"functions"},"message":"[worker-addData-4427f350-a940-4fba-8ad2-90119d24eb18]: exited"}}
[debug] [2020-07-22T23:52:44.813Z] [worker-addData-4427f350-a940-4fba-8ad2-90119d24eb18]: FINISHED {"metadata":{"emulator":{"name":"functions"},"message":"[worker-addData-4427f350-a940-4fba-8ad2-90119d24eb18]: FINISHED"}}
[debug] [2020-07-22T23:52:45.269Z] [runtime-status] [21375] Functions runtime initialized. {"cwd":"/Users/imp_p.lane/Documents/spinfire/functions","node_version":"10.22.0"} {"metadata":{"emulator":{"name":"functions"},"message":"[runtime-status] [21375] Functions runtime initialized. {\"cwd\":\"/Users/imp_p.lane/Documents/spinfire/functions\",\"node_version\":\"10.22.0\"}"}}
[debug] [2020-07-22T23:52:45.271Z] [runtime-status] [21375] Disabled runtime features: undefined {"metadata":{"emulator":{"name":"functions"},"message":"[runtime-status] [21375] Disabled runtime features: undefined"}}
[debug] [2020-07-22T23:52:45.273Z] [runtime-status] [21375] Resolved module firebase-admin {"declared":true,"installed":true,"version":"8.13.0","resolution":"/Users/imp_p.lane/Documents/spinfire/functions/node_modules/firebase-admin/lib/index.js"} {"metadata":{"emulator":{"name":"functions"},"message":"[runtime-status] [21375] Resolved module firebase-admin {\"declared\":true,\"installed\":true,\"version\":\"8.13.0\",\"resolution\":\"/Users/imp_p.lane/Documents/spinfire/functions/node_modules/firebase-admin/lib/index.js\"}"}}
[debug] [2020-07-22T23:52:45.273Z] [runtime-status] [21375] Resolved module firebase-functions {"declared":true,"installed":true,"version":"3.8.0","resolution":"/Users/imp_p.lane/Documents/spinfire/functions/node_modules/firebase-functions/lib/index.js"} {"metadata":{"emulator":{"name":"functions"},"message":"[runtime-status] [21375] Resolved module firebase-functions {\"declared\":true,\"installed\":true,\"version\":\"3.8.0\",\"resolution\":\"/Users/imp_p.lane/Documents/spinfire/functions/node_modules/firebase-functions/lib/index.js\"}"}}
[debug] [2020-07-22T23:52:45.277Z] [runtime-status] [21375] Outgoing network have been stubbed. [{"name":"http","status":"mocked"},{"name":"http","status":"mocked"},{"name":"https","status":"mocked"},{"name":"https","status":"mocked"},{"name":"net","status":"mocked"}] {"metadata":{"emulator":{"name":"functions"},"message":"[runtime-status] [21375] Outgoing network have been stubbed. [{\"name\":\"http\",\"status\":\"mocked\"},{\"name\":\"http\",\"status\":\"mocked\"},{\"name\":\"https\",\"status\":\"mocked\"},{\"name\":\"https\",\"status\":\"mocked\"},{\"name\":\"net\",\"status\":\"mocked\"}]"}}
[debug] [2020-07-22T23:52:45.277Z] [runtime-status] [21375] Resolved module firebase-functions {"declared":true,"installed":true,"version":"3.8.0","resolution":"/Users/imp_p.lane/Documents/spinfire/functions/node_modules/firebase-functions/lib/index.js"} {"metadata":{"emulator":{"name":"functions"},"message":"[runtime-status] [21375] Resolved module firebase-functions {\"declared\":true,\"installed\":true,\"version\":\"3.8.0\",\"resolution\":\"/Users/imp_p.lane/Documents/spinfire/functions/node_modules/firebase-functions/lib/index.js\"}"}}
[debug] [2020-07-22T23:52:45.318Z] [runtime-status] [21375] Checked functions.config() {"config":{}} {"metadata":{"emulator":{"name":"functions"},"message":"[runtime-status] [21375] Checked functions.config() {\"config\":{}}"}}
[debug] [2020-07-22T23:52:45.318Z] [runtime-status] [21375] firebase-functions has been stubbed. {"functionsResolution":{"declared":true,"installed":true,"version":"3.8.0","resolution":"/Users/imp_p.lane/Documents/spinfire/functions/node_modules/firebase-functions/lib/index.js"}} {"metadata":{"emulator":{"name":"functions"},"message":"[runtime-status] [21375] firebase-functions has been stubbed. {\"functionsResolution\":{\"declared\":true,\"installed\":true,\"version\":\"3.8.0\",\"resolution\":\"/Users/imp_p.lane/Documents/spinfire/functions/node_modules/firebase-functions/lib/index.js\"}}"}}
[debug] [2020-07-22T23:52:45.319Z] [runtime-status] [21375] Resolved module firebase-functions {"declared":true,"installed":true,"version":"3.8.0","resolution":"/Users/imp_p.lane/Documents/spinfire/functions/node_modules/firebase-functions/lib/index.js"} {"metadata":{"emulator":{"name":"functions"},"message":"[runtime-status] [21375] Resolved module firebase-functions {\"declared\":true,\"installed\":true,\"version\":\"3.8.0\",\"resolution\":\"/Users/imp_p.lane/Documents/spinfire/functions/node_modules/firebase-functions/lib/index.js\"}"}}
[debug] [2020-07-22T23:52:45.319Z] [runtime-status] [21375] Resolved module firebase-admin {"declared":true,"installed":true,"version":"8.13.0","resolution":"/Users/imp_p.lane/Documents/spinfire/functions/node_modules/firebase-admin/lib/index.js"} {"metadata":{"emulator":{"name":"functions"},"message":"[runtime-status] [21375] Resolved module firebase-admin {\"declared\":true,\"installed\":true,\"version\":\"8.13.0\",\"resolution\":\"/Users/imp_p.lane/Documents/spinfire/functions/node_modules/firebase-admin/lib/index.js\"}"}}
[debug] [2020-07-22T23:52:45.319Z] [runtime-status] [21375] Resolved module firebase-functions {"declared":true,"installed":true,"version":"3.8.0","resolution":"/Users/imp_p.lane/Documents/spinfire/functions/node_modules/firebase-functions/lib/index.js"} {"metadata":{"emulator":{"name":"functions"},"message":"[runtime-status] [21375] Resolved module firebase-functions {\"declared\":true,\"installed\":true,\"version\":\"3.8.0\",\"resolution\":\"/Users/imp_p.lane/Documents/spinfire/functions/node_modules/firebase-functions/lib/index.js\"}"}}
[debug] [2020-07-22T23:52:45.320Z] [runtime-status] [21375] firebase-admin has been stubbed. {"adminResolution":{"declared":true,"installed":true,"version":"8.13.0","resolution":"/Users/imp_p.lane/Documents/spinfire/functions/node_modules/firebase-admin/lib/index.js"}} {"metadata":{"emulator":{"name":"functions"},"message":"[runtime-status] [21375] firebase-admin has been stubbed. {\"adminResolution\":{\"declared\":true,\"installed\":true,\"version\":\"8.13.0\",\"resolution\":\"/Users/imp_p.lane/Documents/spinfire/functions/node_modules/firebase-admin/lib/index.js\"}}"}}
[debug] [2020-07-22T23:52:45.360Z] [runtime-status] [21375] initializeApp(DEFAULT) {"credential":{"implicit":false,"projectId":"spinfire-elaitch","privateKey":"-----BEGIN PRIVATE KEY-----\nMIIEvQIBADANBgkqhkiG9w0BAQEFAASCBKcwggSjAgEAAoIBAQCfh6mYxah7JqIl\nZSK2DRmNJ4y/lUnjJmEA5Cdyy0TJWTM9x5Nu9W6F7OIezYtMXQ5pYV0QDi6vH1Gs\nGMRxbcJ78x7GDtaOwxe+NbLNEBdqwxoosX2K7bBRAElomgGH5RliwDx4QRdef73J\nuhTHOhniu7pnLQQEbK5iwjXlczHHW7kOGFmOVYkHEVIShItNMqSJgZyhWytH24P6\nDrttVWsh9ai6k1K/DDpRqGaGXcogO3PDs8Rzk0Qnzban45cMcKO01UBb+U2PQIqR\nARVUv6fY3pYuMExcgLnBSulB3oanJ6TnmihHxulyIM4nMIi5/b8+8fv9Kk5oNkjb\nqACPqIAfAgMBAAECggEAAwArOaumvUoOPbjugptTrtd2T+KiewV+OyG36gaqnGAY\nYoOnUIQPrIhshSUD0UwhbQdTQD6qXOuwViNiEh+X89KH8oVjTAeQFHoRuj/CXg2J\nk2YcUaYbd4KTbGFkx5v8ijn/z+qCJeOMbnbppYI2ZVQ0DglYHwbDWym4YfaPpqMZ\nqtgmj091P7Hi46PTlfuB7Ui6VXIXBuQqD0yYOSdzHxHnwScbwVXNUJ2BRfGhAsbt\nGxedHDu0loQhXUyQDJFAqxLZ431al22llLwSjltDLnMrPYrzvos06ELoa9UXHHDZ\nWbuALHyP1hPv3xUQ4BWwxeDzSzRY6eJA+yyl5rvK8QKBgQDNHNIxrQxR89iGqako\noYlszi97FSiYpvb3CxgnmfrLgbacg63+wqEfH9IormxsMZO+OI/e2ZHkZgLqxfQo\nsfVkHYkEQCaF1/9NRw2GDxvWjG++cmM4uUjprT+2UmRM06nNAgk+i+brTVGoz28b\ngIeQnKEAXfu62c6TjH7IaOpjEQKBgQDHG8fmYN6juiEwnJaTvMCys2AR3t9bQUCw\n1IHukg3lnlEpoFQ3iSHERgu8JA8HnsINoCbKILEfudxaZ3vZYxS2js0SElnqELZQ\nx7FI2Po79bj5nH1wtsQLq6fa+XtJcyPM8blUi7YsMNMijTYhh4QzyL53ivLDmdBu\nNnQ2LPtQLwKBgEfaJs/8HOrAj0NtP7LaE7gn6n4lhVkkdDNKkaWdzTtpLz1Y66Tp\nLWQn04kowRaNr4HdcpjQgskN60uvGL8AyEPQDOWOS3BroCXEFDq4JDpea+69R4Dh\nd2dUp5MI/dXj+AG3CuH8RGJ9bXPDZtqthc/k7omgYsSr9C+/8dHm3uThAoGBAJB8\ngnWVujrJ6SfjmgmfoZ6MOJz/RMpt8cngjGFZr6f/WRqB9FtQsiZCRmXDLPz0ohFN\nNJjdXGuPbm5URjWchv1rZzlEA+etNQAtyWL5wa0dRZwtiYHvvxhQ+sAW5vaIDWS9\nzSWjNRGgZLbgDnYKZ09Ez6LkPALhbbVs4qwlvEGVAoGAD3Sz9DVAto0f5qX41Yah\nTTYKJuO934vPsFy+pqesXleqoC1BuBAOxu2aV4y0fqDyw/Jt+uDtVj01xQswFQIR\nz/YVkubO0HuBP0+dsH4C59Bl3k4gNwnDfL32rXlmkWUzAzjnlHQRUzCKRHDxI5x0\nMpXF/XpoKi9optINkQ9VMNk=\n-----END PRIVATE KEY-----\n","clientEmail":"firebase-adminsdk-kcqq1@spinfire-elaitch.iam.gserviceaccount.com","httpClient":{"retry":{"maxRetries":4,"statusCodes":[503],"ioErrorCodes":["ECONNRESET","ETIMEDOUT"],"backOffFactor":0.5,"maxDelayInMillis":60000}}}} {"metadata":{"emulator":{"name":"functions"},"message":"[runtime-status] [21375] initializeApp(DEFAULT) {\"credential\":{\"implicit\":false,\"projectId\":\"spinfire-elaitch\",\"privateKey\":\"-----BEGIN PRIVATE KEY-----\\nMIIEvQIBADANBgkqhkiG9w0BAQEFAASCBKcwggSjAgEAAoIBAQCfh6mYxah7JqIl\\nZSK2DRmNJ4y/lUnjJmEA5Cdyy0TJWTM9x5Nu9W6F7OIezYtMXQ5pYV0QDi6vH1Gs\\nGMRxbcJ78x7GDtaOwxe+NbLNEBdqwxoosX2K7bBRAElomgGH5RliwDx4QRdef73J\\nuhTHOhniu7pnLQQEbK5iwjXlczHHW7kOGFmOVYkHEVIShItNMqSJgZyhWytH24P6\\nDrttVWsh9ai6k1K/DDpRqGaGXcogO3PDs8Rzk0Qnzban45cMcKO01UBb+U2PQIqR\\nARVUv6fY3pYuMExcgLnBSulB3oanJ6TnmihHxulyIM4nMIi5/b8+8fv9Kk5oNkjb\\nqACPqIAfAgMBAAECggEAAwArOaumvUoOPbjugptTrtd2T+KiewV+OyG36gaqnGAY\\nYoOnUIQPrIhshSUD0UwhbQdTQD6qXOuwViNiEh+X89KH8oVjTAeQFHoRuj/CXg2J\\nk2YcUaYbd4KTbGFkx5v8ijn/z+qCJeOMbnbppYI2ZVQ0DglYHwbDWym4YfaPpqMZ\\nqtgmj091P7Hi46PTlfuB7Ui6VXIXBuQqD0yYOSdzHxHnwScbwVXNUJ2BRfGhAsbt\\nGxedHDu0loQhXUyQDJFAqxLZ431al22llLwSjltDLnMrPYrzvos06ELoa9UXHHDZ\\nWbuALHyP1hPv3xUQ4BWwxeDzSzRY6eJA+yyl5rvK8QKBgQDNHNIxrQxR89iGqako\\noYlszi97FSiYpvb3CxgnmfrLgbacg63+wqEfH9IormxsMZO+OI/e2ZHkZgLqxfQo\\nsfVkHYkEQCaF1/9NRw2GDxvWjG++cmM4uUjprT+2UmRM06nNAgk+i+brTVGoz28b\\ngIeQnKEAXfu62c6TjH7IaOpjEQKBgQDHG8fmYN6juiEwnJaTvMCys2AR3t9bQUCw\\n1IHukg3lnlEpoFQ3iSHERgu8JA8HnsINoCbKILEfudxaZ3vZYxS2js0SElnqELZQ\\nx7FI2Po79bj5nH1wtsQLq6fa+XtJcyPM8blUi7YsMNMijTYhh4QzyL53ivLDmdBu\\nNnQ2LPtQLwKBgEfaJs/8HOrAj0NtP7LaE7gn6n4lhVkkdDNKkaWdzTtpLz1Y66Tp\\nLWQn04kowRaNr4HdcpjQgskN60uvGL8AyEPQDOWOS3BroCXEFDq4JDpea+69R4Dh\\nd2dUp5MI/dXj+AG3CuH8RGJ9bXPDZtqthc/k7omgYsSr9C+/8dHm3uThAoGBAJB8\\ngnWVujrJ6SfjmgmfoZ6MOJz/RMpt8cngjGFZr6f/WRqB9FtQsiZCRmXDLPz0ohFN\\nNJjdXGuPbm5URjWchv1rZzlEA+etNQAtyWL5wa0dRZwtiYHvvxhQ+sAW5vaIDWS9\\nzSWjNRGgZLbgDnYKZ09Ez6LkPALhbbVs4qwlvEGVAoGAD3Sz9DVAto0f5qX41Yah\\nTTYKJuO934vPsFy+pqesXleqoC1BuBAOxu2aV4y0fqDyw/Jt+uDtVj01xQswFQIR\\nz/YVkubO0HuBP0+dsH4C59Bl3k4gNwnDfL32rXlmkWUzAzjnlHQRUzCKRHDxI5x0\\nMpXF/XpoKi9optINkQ9VMNk=\\n-----END PRIVATE KEY-----\\n\",\"clientEmail\":\"firebase-adminsdk-kcqq1@spinfire-elaitch.iam.gserviceaccount.com\",\"httpClient\":{\"retry\":{\"maxRetries\":4,\"statusCodes\":[503],\"ioErrorCodes\":[\"ECONNRESET\",\"ETIMEDOUT\"],\"backOffFactor\":0.5,\"maxDelayInMillis\":60000}}}}"}}
[debug] [2020-07-22T23:52:45.564Z] [worker-~diagnostic~-f5bcfd8e-c86f-42d7-a819-19305044cf86]: IDLE {"metadata":{"emulator":{"name":"functions"},"message":"[worker-~diagnostic~-f5bcfd8e-c86f-42d7-a819-19305044cf86]: IDLE"}}
[debug] [2020-07-22T23:52:56.827Z] [work-queue] {"queueLength":1,"workRunningCount":0}
[debug] [2020-07-22T23:52:56.827Z] [work-queue] {"queueLength":0,"workRunningCount":1}
[debug] [2020-07-22T23:52:56.827Z] Accepted request POST /spinfire-elaitch/europe-west2/addData --> addData
[debug] [2020-07-22T23:52:56.827Z] [worker-pool] Cleaned up workers for ~diagnostic~: 2 --> 1 {"metadata":{"emulator":{"name":"functions"},"message":"[worker-pool] Cleaned up workers for ~diagnostic~: 2 --> 1"}}
[debug] [2020-07-22T23:52:56.827Z] [worker-pool] Cleaned up workers for addData: 1 --> 0 {"metadata":{"emulator":{"name":"functions"},"message":"[worker-pool] Cleaned up workers for addData: 1 --> 0"}}
[debug] [2020-07-22T23:52:56.830Z] [worker-pool] addWorker(addData) {"metadata":{"emulator":{"name":"functions"},"message":"[worker-pool] addWorker(addData)"}}
[debug] [2020-07-22T23:52:56.832Z] [worker-pool] Adding worker with key addData, total=1 {"metadata":{"emulator":{"name":"functions"},"message":"[worker-pool] Adding worker with key addData, total=1"}}
[debug] [2020-07-22T23:52:56.832Z] [worker-pool] submitWork(triggerId=addData) {"metadata":{"emulator":{"name":"functions"},"message":"[worker-pool] submitWork(triggerId=addData)"}}
[debug] [2020-07-22T23:52:56.832Z] [worker-addData-1dd129b4-a562-4e27-9f0b-144e6e16bda1]: Assigning socketPath: /var/folders/vf/lmrfff6s63z95f4s_ztjmxw1dtfl1s/T/fire_emu_21404.sock {"metadata":{"emulator":{"name":"functions"},"message":"[worker-addData-1dd129b4-a562-4e27-9f0b-144e6e16bda1]: Assigning socketPath: /var/folders/vf/lmrfff6s63z95f4s_ztjmxw1dtfl1s/T/fire_emu_21404.sock"}}
[debug] [2020-07-22T23:52:56.832Z] [worker-addData-1dd129b4-a562-4e27-9f0b-144e6e16bda1]: BUSY {"metadata":{"emulator":{"name":"functions"},"message":"[worker-addData-1dd129b4-a562-4e27-9f0b-144e6e16bda1]: BUSY"}}
[debug] [2020-07-22T23:52:57.074Z] [runtime-status] [21404] Functions runtime initialized. {"cwd":"/Users/imp_p.lane/Documents/spinfire/functions","node_version":"10.22.0"} {"metadata":{"emulator":{"name":"functions"},"function":{"name":"addData"},"message":"[runtime-status] [21404] Functions runtime initialized. {\"cwd\":\"/Users/imp_p.lane/Documents/spinfire/functions\",\"node_version\":\"10.22.0\"}"}}
[debug] [2020-07-22T23:52:57.076Z] [runtime-status] [21404] Disabled runtime features: undefined {"metadata":{"emulator":{"name":"functions"},"function":{"name":"addData"},"message":"[runtime-status] [21404] Disabled runtime features: undefined"}}
[debug] [2020-07-22T23:52:57.078Z] [runtime-status] [21404] Resolved module firebase-admin {"declared":true,"installed":true,"version":"8.13.0","resolution":"/Users/imp_p.lane/Documents/spinfire/functions/node_modules/firebase-admin/lib/index.js"} {"metadata":{"emulator":{"name":"functions"},"function":{"name":"addData"},"message":"[runtime-status] [21404] Resolved module firebase-admin {\"declared\":true,\"installed\":true,\"version\":\"8.13.0\",\"resolution\":\"/Users/imp_p.lane/Documents/spinfire/functions/node_modules/firebase-admin/lib/index.js\"}"}}
[debug] [2020-07-22T23:52:57.078Z] [runtime-status] [21404] Resolved module firebase-functions {"declared":true,"installed":true,"version":"3.8.0","resolution":"/Users/imp_p.lane/Documents/spinfire/functions/node_modules/firebase-functions/lib/index.js"} {"metadata":{"emulator":{"name":"functions"},"function":{"name":"addData"},"message":"[runtime-status] [21404] Resolved module firebase-functions {\"declared\":true,\"installed\":true,\"version\":\"3.8.0\",\"resolution\":\"/Users/imp_p.lane/Documents/spinfire/functions/node_modules/firebase-functions/lib/index.js\"}"}}
[debug] [2020-07-22T23:52:57.082Z] [runtime-status] [21404] Outgoing network have been stubbed. [{"name":"http","status":"mocked"},{"name":"http","status":"mocked"},{"name":"https","status":"mocked"},{"name":"https","status":"mocked"},{"name":"net","status":"mocked"}] {"metadata":{"emulator":{"name":"functions"},"function":{"name":"addData"},"message":"[runtime-status] [21404] Outgoing network have been stubbed. [{\"name\":\"http\",\"status\":\"mocked\"},{\"name\":\"http\",\"status\":\"mocked\"},{\"name\":\"https\",\"status\":\"mocked\"},{\"name\":\"https\",\"status\":\"mocked\"},{\"name\":\"net\",\"status\":\"mocked\"}]"}}
[debug] [2020-07-22T23:52:57.083Z] [runtime-status] [21404] Resolved module firebase-functions {"declared":true,"installed":true,"version":"3.8.0","resolution":"/Users/imp_p.lane/Documents/spinfire/functions/node_modules/firebase-functions/lib/index.js"} {"metadata":{"emulator":{"name":"functions"},"function":{"name":"addData"},"message":"[runtime-status] [21404] Resolved module firebase-functions {\"declared\":true,\"installed\":true,\"version\":\"3.8.0\",\"resolution\":\"/Users/imp_p.lane/Documents/spinfire/functions/node_modules/firebase-functions/lib/index.js\"}"}}
[debug] [2020-07-22T23:52:57.115Z] [runtime-status] [21404] Checked functions.config() {"config":{}} {"metadata":{"emulator":{"name":"functions"},"function":{"name":"addData"},"message":"[runtime-status] [21404] Checked functions.config() {\"config\":{}}"}}
[debug] [2020-07-22T23:52:57.115Z] [runtime-status] [21404] firebase-functions has been stubbed. {"functionsResolution":{"declared":true,"installed":true,"version":"3.8.0","resolution":"/Users/imp_p.lane/Documents/spinfire/functions/node_modules/firebase-functions/lib/index.js"}} {"metadata":{"emulator":{"name":"functions"},"function":{"name":"addData"},"message":"[runtime-status] [21404] firebase-functions has been stubbed. {\"functionsResolution\":{\"declared\":true,\"installed\":true,\"version\":\"3.8.0\",\"resolution\":\"/Users/imp_p.lane/Documents/spinfire/functions/node_modules/firebase-functions/lib/index.js\"}}"}}
[debug] [2020-07-22T23:52:57.115Z] [runtime-status] [21404] Resolved module firebase-functions {"declared":true,"installed":true,"version":"3.8.0","resolution":"/Users/imp_p.lane/Documents/spinfire/functions/node_modules/firebase-functions/lib/index.js"} {"metadata":{"emulator":{"name":"functions"},"function":{"name":"addData"},"message":"[runtime-status] [21404] Resolved module firebase-functions {\"declared\":true,\"installed\":true,\"version\":\"3.8.0\",\"resolution\":\"/Users/imp_p.lane/Documents/spinfire/functions/node_modules/firebase-functions/lib/index.js\"}"}}
[debug] [2020-07-22T23:52:57.116Z] [runtime-status] [21404] Resolved module firebase-admin {"declared":true,"installed":true,"version":"8.13.0","resolution":"/Users/imp_p.lane/Documents/spinfire/functions/node_modules/firebase-admin/lib/index.js"} {"metadata":{"emulator":{"name":"functions"},"function":{"name":"addData"},"message":"[runtime-status] [21404] Resolved module firebase-admin {\"declared\":true,\"installed\":true,\"version\":\"8.13.0\",\"resolution\":\"/Users/imp_p.lane/Documents/spinfire/functions/node_modules/firebase-admin/lib/index.js\"}"}}
[debug] [2020-07-22T23:52:57.116Z] [runtime-status] [21404] Resolved module firebase-functions {"declared":true,"installed":true,"version":"3.8.0","resolution":"/Users/imp_p.lane/Documents/spinfire/functions/node_modules/firebase-functions/lib/index.js"} {"metadata":{"emulator":{"name":"functions"},"function":{"name":"addData"},"message":"[runtime-status] [21404] Resolved module firebase-functions {\"declared\":true,\"installed\":true,\"version\":\"3.8.0\",\"resolution\":\"/Users/imp_p.lane/Documents/spinfire/functions/node_modules/firebase-functions/lib/index.js\"}"}}
[debug] [2020-07-22T23:52:57.116Z] [runtime-status] [21404] firebase-admin has been stubbed. {"adminResolution":{"declared":true,"installed":true,"version":"8.13.0","resolution":"/Users/imp_p.lane/Documents/spinfire/functions/node_modules/firebase-admin/lib/index.js"}} {"metadata":{"emulator":{"name":"functions"},"function":{"name":"addData"},"message":"[runtime-status] [21404] firebase-admin has been stubbed. {\"adminResolution\":{\"declared\":true,\"installed\":true,\"version\":\"8.13.0\",\"resolution\":\"/Users/imp_p.lane/Documents/spinfire/functions/node_modules/firebase-admin/lib/index.js\"}}"}}
[debug] [2020-07-22T23:52:57.150Z] [runtime-status] [21404] initializeApp(DEFAULT) {"credential":{"implicit":false,"projectId":"spinfire-elaitch","privateKey":"-----BEGIN PRIVATE KEY-----\nMIIEvQIBADANBgkqhkiG9w0BAQEFAASCBKcwggSjAgEAAoIBAQCfh6mYxah7JqIl\nZSK2DRmNJ4y/lUnjJmEA5Cdyy0TJWTM9x5Nu9W6F7OIezYtMXQ5pYV0QDi6vH1Gs\nGMRxbcJ78x7GDtaOwxe+NbLNEBdqwxoosX2K7bBRAElomgGH5RliwDx4QRdef73J\nuhTHOhniu7pnLQQEbK5iwjXlczHHW7kOGFmOVYkHEVIShItNMqSJgZyhWytH24P6\nDrttVWsh9ai6k1K/DDpRqGaGXcogO3PDs8Rzk0Qnzban45cMcKO01UBb+U2PQIqR\nARVUv6fY3pYuMExcgLnBSulB3oanJ6TnmihHxulyIM4nMIi5/b8+8fv9Kk5oNkjb\nqACPqIAfAgMBAAECggEAAwArOaumvUoOPbjugptTrtd2T+KiewV+OyG36gaqnGAY\nYoOnUIQPrIhshSUD0UwhbQdTQD6qXOuwViNiEh+X89KH8oVjTAeQFHoRuj/CXg2J\nk2YcUaYbd4KTbGFkx5v8ijn/z+qCJeOMbnbppYI2ZVQ0DglYHwbDWym4YfaPpqMZ\nqtgmj091P7Hi46PTlfuB7Ui6VXIXBuQqD0yYOSdzHxHnwScbwVXNUJ2BRfGhAsbt\nGxedHDu0loQhXUyQDJFAqxLZ431al22llLwSjltDLnMrPYrzvos06ELoa9UXHHDZ\nWbuALHyP1hPv3xUQ4BWwxeDzSzRY6eJA+yyl5rvK8QKBgQDNHNIxrQxR89iGqako\noYlszi97FSiYpvb3CxgnmfrLgbacg63+wqEfH9IormxsMZO+OI/e2ZHkZgLqxfQo\nsfVkHYkEQCaF1/9NRw2GDxvWjG++cmM4uUjprT+2UmRM06nNAgk+i+brTVGoz28b\ngIeQnKEAXfu62c6TjH7IaOpjEQKBgQDHG8fmYN6juiEwnJaTvMCys2AR3t9bQUCw\n1IHukg3lnlEpoFQ3iSHERgu8JA8HnsINoCbKILEfudxaZ3vZYxS2js0SElnqELZQ\nx7FI2Po79bj5nH1wtsQLq6fa+XtJcyPM8blUi7YsMNMijTYhh4QzyL53ivLDmdBu\nNnQ2LPtQLwKBgEfaJs/8HOrAj0NtP7LaE7gn6n4lhVkkdDNKkaWdzTtpLz1Y66Tp\nLWQn04kowRaNr4HdcpjQgskN60uvGL8AyEPQDOWOS3BroCXEFDq4JDpea+69R4Dh\nd2dUp5MI/dXj+AG3CuH8RGJ9bXPDZtqthc/k7omgYsSr9C+/8dHm3uThAoGBAJB8\ngnWVujrJ6SfjmgmfoZ6MOJz/RMpt8cngjGFZr6f/WRqB9FtQsiZCRmXDLPz0ohFN\nNJjdXGuPbm5URjWchv1rZzlEA+etNQAtyWL5wa0dRZwtiYHvvxhQ+sAW5vaIDWS9\nzSWjNRGgZLbgDnYKZ09Ez6LkPALhbbVs4qwlvEGVAoGAD3Sz9DVAto0f5qX41Yah\nTTYKJuO934vPsFy+pqesXleqoC1BuBAOxu2aV4y0fqDyw/Jt+uDtVj01xQswFQIR\nz/YVkubO0HuBP0+dsH4C59Bl3k4gNwnDfL32rXlmkWUzAzjnlHQRUzCKRHDxI5x0\nMpXF/XpoKi9optINkQ9VMNk=\n-----END PRIVATE KEY-----\n","clientEmail":"firebase-adminsdk-kcqq1@spinfire-elaitch.iam.gserviceaccount.com","httpClient":{"retry":{"maxRetries":4,"statusCodes":[503],"ioErrorCodes":["ECONNRESET","ETIMEDOUT"],"backOffFactor":0.5,"maxDelayInMillis":60000}}}} {"metadata":{"emulator":{"name":"functions"},"function":{"name":"addData"},"message":"[runtime-status] [21404] initializeApp(DEFAULT) {\"credential\":{\"implicit\":false,\"projectId\":\"spinfire-elaitch\",\"privateKey\":\"-----BEGIN PRIVATE KEY-----\\nMIIEvQIBADANBgkqhkiG9w0BAQEFAASCBKcwggSjAgEAAoIBAQCfh6mYxah7JqIl\\nZSK2DRmNJ4y/lUnjJmEA5Cdyy0TJWTM9x5Nu9W6F7OIezYtMXQ5pYV0QDi6vH1Gs\\nGMRxbcJ78x7GDtaOwxe+NbLNEBdqwxoosX2K7bBRAElomgGH5RliwDx4QRdef73J\\nuhTHOhniu7pnLQQEbK5iwjXlczHHW7kOGFmOVYkHEVIShItNMqSJgZyhWytH24P6\\nDrttVWsh9ai6k1K/DDpRqGaGXcogO3PDs8Rzk0Qnzban45cMcKO01UBb+U2PQIqR\\nARVUv6fY3pYuMExcgLnBSulB3oanJ6TnmihHxulyIM4nMIi5/b8+8fv9Kk5oNkjb\\nqACPqIAfAgMBAAECggEAAwArOaumvUoOPbjugptTrtd2T+KiewV+OyG36gaqnGAY\\nYoOnUIQPrIhshSUD0UwhbQdTQD6qXOuwViNiEh+X89KH8oVjTAeQFHoRuj/CXg2J\\nk2YcUaYbd4KTbGFkx5v8ijn/z+qCJeOMbnbppYI2ZVQ0DglYHwbDWym4YfaPpqMZ\\nqtgmj091P7Hi46PTlfuB7Ui6VXIXBuQqD0yYOSdzHxHnwScbwVXNUJ2BRfGhAsbt\\nGxedHDu0loQhXUyQDJFAqxLZ431al22llLwSjltDLnMrPYrzvos06ELoa9UXHHDZ\\nWbuALHyP1hPv3xUQ4BWwxeDzSzRY6eJA+yyl5rvK8QKBgQDNHNIxrQxR89iGqako\\noYlszi97FSiYpvb3CxgnmfrLgbacg63+wqEfH9IormxsMZO+OI/e2ZHkZgLqxfQo\\nsfVkHYkEQCaF1/9NRw2GDxvWjG++cmM4uUjprT+2UmRM06nNAgk+i+brTVGoz28b\\ngIeQnKEAXfu62c6TjH7IaOpjEQKBgQDHG8fmYN6juiEwnJaTvMCys2AR3t9bQUCw\\n1IHukg3lnlEpoFQ3iSHERgu8JA8HnsINoCbKILEfudxaZ3vZYxS2js0SElnqELZQ\\nx7FI2Po79bj5nH1wtsQLq6fa+XtJcyPM8blUi7YsMNMijTYhh4QzyL53ivLDmdBu\\nNnQ2LPtQLwKBgEfaJs/8HOrAj0NtP7LaE7gn6n4lhVkkdDNKkaWdzTtpLz1Y66Tp\\nLWQn04kowRaNr4HdcpjQgskN60uvGL8AyEPQDOWOS3BroCXEFDq4JDpea+69R4Dh\\nd2dUp5MI/dXj+AG3CuH8RGJ9bXPDZtqthc/k7omgYsSr9C+/8dHm3uThAoGBAJB8\\ngnWVujrJ6SfjmgmfoZ6MOJz/RMpt8cngjGFZr6f/WRqB9FtQsiZCRmXDLPz0ohFN\\nNJjdXGuPbm5URjWchv1rZzlEA+etNQAtyWL5wa0dRZwtiYHvvxhQ+sAW5vaIDWS9\\nzSWjNRGgZLbgDnYKZ09Ez6LkPALhbbVs4qwlvEGVAoGAD3Sz9DVAto0f5qX41Yah\\nTTYKJuO934vPsFy+pqesXleqoC1BuBAOxu2aV4y0fqDyw/Jt+uDtVj01xQswFQIR\\nz/YVkubO0HuBP0+dsH4C59Bl3k4gNwnDfL32rXlmkWUzAzjnlHQRUzCKRHDxI5x0\\nMpXF/XpoKi9optINkQ9VMNk=\\n-----END PRIVATE KEY-----\\n\",\"clientEmail\":\"firebase-adminsdk-kcqq1@spinfire-elaitch.iam.gserviceaccount.com\",\"httpClient\":{\"retry\":{\"maxRetries\":4,\"statusCodes\":[503],\"ioErrorCodes\":[\"ECONNRESET\",\"ETIMEDOUT\"],\"backOffFactor\":0.5,\"maxDelayInMillis\":60000}}}}"}}
[debug] [2020-07-22T23:52:57.295Z] [runtime-status] [21404] Trigger "addData" has been found, beginning invocation! {"metadata":{"emulator":{"name":"functions"},"function":{"name":"addData"},"message":"[runtime-status] [21404] Trigger \"addData\" has been found, beginning invocation!"}}
[info] i  functions: Beginning execution of "addData" {"metadata":{"emulator":{"name":"functions"},"function":{"name":"addData"},"message":"Beginning execution of \"addData\""}}
[debug] [2020-07-22T23:52:57.297Z] [runtime-status] [21404] triggerDefinition {"regions":["europe-west2"],"httpsTrigger":{},"name":"addData","entryPoint":"addData"} {"metadata":{"emulator":{"name":"functions"},"function":{"name":"addData"},"message":"[runtime-status] [21404] triggerDefinition {\"regions\":[\"europe-west2\"],\"httpsTrigger\":{},\"name\":\"addData\",\"entryPoint\":\"addData\"}"}}
[debug] [2020-07-22T23:52:57.297Z] [runtime-status] [21404] Running addData in mode HTTPS {"metadata":{"emulator":{"name":"functions"},"function":{"name":"addData"},"message":"[runtime-status] [21404] Running addData in mode HTTPS"}}
[debug] [2020-07-22T23:52:57.301Z] [runtime-status] [21404] Attempting to listen to socketPath: /var/folders/vf/lmrfff6s63z95f4s_ztjmxw1dtfl1s/T/fire_emu_21404.sock {"metadata":{"emulator":{"name":"functions"},"function":{"name":"addData"},"message":"[runtime-status] [21404] Attempting to listen to socketPath: /var/folders/vf/lmrfff6s63z95f4s_ztjmxw1dtfl1s/T/fire_emu_21404.sock"}}
[debug] [2020-07-22T23:52:57.303Z] [functions] Runtime ready! Sending request! {"metadata":{"emulator":{"name":"functions"},"message":"[functions] Runtime ready! Sending request!"}}
[debug] [2020-07-22T23:52:57.322Z] [runtime-status] [21404] Ephemeral server handling POST request {"metadata":{"emulator":{"name":"functions"},"function":{"name":"addData"},"message":"[runtime-status] [21404] Ephemeral server handling POST request"}}
[debug] [2020-07-22T23:52:57.327Z] [runtime-status] [21404] Ephemeral server survived. {"metadata":{"emulator":{"name":"functions"},"function":{"name":"addData"},"message":"[runtime-status] [21404] Ephemeral server survived."}}
[info] i  functions: Finished "addData" in ~1s {"metadata":{"emulator":{"name":"functions"},"function":{"name":"addData"},"message":"Finished \"addData\" in ~1s"}}
[debug] [2020-07-22T23:52:57.329Z] [worker-addData-1dd129b4-a562-4e27-9f0b-144e6e16bda1]: IDLE {"metadata":{"emulator":{"name":"functions"},"message":"[worker-addData-1dd129b4-a562-4e27-9f0b-144e6e16bda1]: IDLE"}}
[debug] [2020-07-22T23:52:57.329Z] [work-queue] {"queueLength":0,"workRunningCount":0}
[debug] [2020-07-22T23:52:57.430Z] Jul 23, 2020 12:52:57 AM io.gapi.emulators.netty.HttpVersionRoutingHandler channelRead
INFO: Detected HTTP/2 connection.
 {"metadata":{"emulator":{"name":"firestore"},"message":"Jul 23, 2020 12:52:57 AM io.gapi.emulators.netty.HttpVersionRoutingHandler channelRead\nINFO: Detected HTTP/2 connection.\n"}}
[debug] [2020-07-22T23:52:58.080Z] Jul 23, 2020 12:52:58 AM io.gapi.emulators.netty.HttpVersionRoutingHandler channelRead
INFO: Detected non-HTTP/2 connection.
 {"metadata":{"emulator":{"name":"firestore"},"message":"Jul 23, 2020 12:52:58 AM io.gapi.emulators.netty.HttpVersionRoutingHandler channelRead\nINFO: Detected non-HTTP/2 connection.\n"}}
